"../../../Engine/Plugins/Animation/ControlRig/Content/Controls/DefaultGizmoLibraryNormalized.uasset" 0
"../../../Engine/Plugins/Animation/ControlRig/Content/Controls/DefaultGizmoLibraryNormalized.uexp" 1
"../../../Engine/Plugins/Animation/ACLPlugin/Content/ACLAnimCurveCompressionSettings.uasset" 2
"../../../Engine/Plugins/Animation/ACLPlugin/Content/ACLAnimCurveCompressionSettings.uexp" 3
"../../../Engine/Plugins/Animation/ACLPlugin/Content/ACLAnimBoneCompressionSettings.uasset" 4
"../../../Engine/Plugins/Animation/ACLPlugin/Content/ACLAnimBoneCompressionSettings.uexp" 5
"../../../Engine/Plugins/2D/Paper2D/Content/PlaceholderTextures/DummySpriteTexture.ubulk" 6
"../../../Engine/Plugins/2D/Paper2D/Content/PlaceholderTextures/DummySpriteTexture.uasset" 7
"../../../Engine/Plugins/2D/Paper2D/Content/PlaceholderTextures/DummySpriteTexture.uexp" 8
"../../../Engine/Plugins/2D/Paper2D/Content/DummySprite.uasset" 9
"../../../Engine/Plugins/2D/Paper2D/Content/DummySprite.uexp" 10
"../../../Engine/Plugins/2D/Paper2D/Content/DefaultPaperTerrainMaterial.uasset" 11
"../../../Engine/Plugins/2D/Paper2D/Content/DefaultPaperTerrainMaterial.uexp" 12
"../../../Engine/Content/EngineSounds/Master.uasset" 13
"../../../Engine/Content/EngineSounds/Master.uexp" 14
"../../../Engine/Content/EngineMaterials/DefaultPhysicalMaterial.uasset" 15
"../../../Engine/Content/EngineMaterials/DefaultPhysicalMaterial.uexp" 16
"../../../Engine/Content/EngineMaterials/DefaultDestructiblePhysicalMaterial.uasset" 17
"../../../Engine/Content/EngineMaterials/DefaultDestructiblePhysicalMaterial.uexp" 18
"../../../Engine/Content/EngineFonts/Faces/RobotoLight.uexp" 19
"../../../Engine/Content/EngineFonts/Faces/RobotoLight.uasset" 20
"../../../Engine/Content/EngineFonts/Faces/RobotoLight.ufont" 21
"../../../Engine/Content/EngineFonts/Faces/RobotoBold.uexp" 22
"../../../Engine/Content/EngineFonts/Faces/RobotoBold.uasset" 23
"../../../Engine/Content/EngineFonts/Faces/RobotoBold.ufont" 24
"../../../Engine/Content/EngineFonts/Faces/RobotoRegular.uexp" 25
"../../../Engine/Content/EngineFonts/Faces/RobotoRegular.uasset" 26
"../../../Engine/Content/EngineFonts/Faces/RobotoRegular.ufont" 27
"../../../Engine/Content/EngineFonts/Faces/DroidSansFallback.uexp" 28
"../../../Engine/Content/EngineFonts/Faces/DroidSansFallback.uasset" 29
"../../../Engine/Content/EngineFonts/Faces/DroidSansFallback.ufont" 30
"../../../Engine/Content/EngineFonts/Faces/RobotoItalic.uexp" 31
"../../../Engine/Content/EngineFonts/Faces/RobotoItalic.uasset" 32
"../../../Engine/Content/EngineFonts/Faces/RobotoItalic.ufont" 33
"../../../Engine/Content/EngineFonts/Faces/RobotoBoldItalic.uexp" 34
"../../../Engine/Content/EngineFonts/Faces/RobotoBoldItalic.uasset" 35
"../../../Engine/Content/EngineFonts/Faces/RobotoBoldItalic.ufont" 36
"../../../Engine/Content/EngineFonts/Roboto.uasset" 37
"../../../Engine/Content/EngineFonts/Roboto.uexp" 38
"../../../Engine/Content/Animation/DefaultVariableFrameStrippingSettings.uasset" 39
"../../../Engine/Content/Animation/DefaultVariableFrameStrippingSettings.uexp" 40
"../../../Engine/Content/Animation/DefaultRecorderBoneCompression.uasset" 41
"../../../Engine/Content/Animation/DefaultRecorderBoneCompression.uexp" 42
"../../../Engine/Plugins/Interchange/Runtime/Content/Pipelines/DefaultTexturePipeline.uasset" 43
"../../../Engine/Plugins/Interchange/Runtime/Content/Pipelines/DefaultTexturePipeline.uexp" 44
"../../../Engine/Plugins/Interchange/Runtime/Content/Pipelines/DefaultSceneLevelPipeline.uasset" 45
"../../../Engine/Plugins/Interchange/Runtime/Content/Pipelines/DefaultSceneLevelPipeline.uexp" 46
"../../../Engine/Plugins/Interchange/Runtime/Content/Pipelines/DefaultSceneAssetsPipeline.uasset" 47
"../../../Engine/Plugins/Interchange/Runtime/Content/Pipelines/DefaultSceneAssetsPipeline.uexp" 48
"../../../Engine/Plugins/Interchange/Runtime/Content/Pipelines/DefaultMaterialXPipeline.uasset" 49
"../../../Engine/Plugins/Interchange/Runtime/Content/Pipelines/DefaultMaterialXPipeline.uexp" 50
"../../../Engine/Plugins/Interchange/Runtime/Content/Pipelines/DefaultMaterialPipeline.uasset" 51
"../../../Engine/Plugins/Interchange/Runtime/Content/Pipelines/DefaultMaterialPipeline.uexp" 52
"../../../Engine/Plugins/Interchange/Runtime/Content/Pipelines/DefaultGLTFSceneAssetsPipeline.uasset" 53
"../../../Engine/Plugins/Interchange/Runtime/Content/Pipelines/DefaultGLTFSceneAssetsPipeline.uexp" 54
"../../../Engine/Plugins/Interchange/Runtime/Content/Pipelines/DefaultGLTFPipeline.uasset" 55
"../../../Engine/Plugins/Interchange/Runtime/Content/Pipelines/DefaultGLTFPipeline.uexp" 56
"../../../Engine/Plugins/Interchange/Runtime/Content/Pipelines/DefaultGLTFAssetsPipeline.uasset" 57
"../../../Engine/Plugins/Interchange/Runtime/Content/Pipelines/DefaultGLTFAssetsPipeline.uexp" 58
"../../../Engine/Plugins/Interchange/Runtime/Content/Pipelines/DefaultAssetsPipeline.uasset" 59
"../../../Engine/Plugins/Interchange/Runtime/Content/Pipelines/DefaultAssetsPipeline.uexp" 60
"../../../Engine/Content/MobileResources/HUD/VirtualJoystick_Background.uasset" 61
"../../../Engine/Content/MobileResources/HUD/VirtualJoystick_Background.uexp" 62
"../../../Engine/Content/MobileResources/HUD/VirtualJoystick_Thumb.uasset" 63
"../../../Engine/Content/MobileResources/HUD/VirtualJoystick_Thumb.uexp" 64
"../../../Engine/Content/MobileResources/HUD/DefaultVirtualJoysticks.uasset" 65
"../../../Engine/Content/MobileResources/HUD/DefaultVirtualJoysticks.uexp" 66
"../../../Engine/Content/EditorResources/S_Actor.ubulk" 67
"../../../Engine/Content/EditorResources/S_Actor.uasset" 68
"../../../Engine/Content/EditorResources/S_Actor.uexp" 69
"../../../Engine/Content/EngineResources/GradientTexture0.uasset" 70
"../../../Engine/Content/EngineResources/GradientTexture0.uexp" 71
"../../../Engine/Content/EngineResources/DefaultTexture.ubulk" 72
"../../../Engine/Content/EngineResources/DefaultTexture.uasset" 73
"../../../Engine/Content/EngineResources/DefaultTexture.uexp" 74
"../../../Engine/Content/EngineResources/Black.uasset" 75
"../../../Engine/Content/EngineResources/Black.uexp" 76
"../../../Engine/Content/EngineMaterials/PreintegratedSkinBRDF.uasset" 77
"../../../Engine/Content/EngineMaterials/PreintegratedSkinBRDF.uexp" 78
"../../../Engine/Content/EngineMaterials/MiniFont.uasset" 79
"../../../Engine/Content/EngineMaterials/MiniFont.uexp" 80
"../../../Engine/Content/EngineMaterials/FastBlueNoise_vec2_128x128x64.uasset" 81
"../../../Engine/Content/EngineMaterials/FastBlueNoise_vec2_128x128x64.uexp" 82
"../../../Engine/Content/EngineMaterials/FastBlueNoise_scalar_128x128x64.uasset" 83
"../../../Engine/Content/EngineMaterials/FastBlueNoise_scalar_128x128x64.uexp" 84
"../../../Engine/Content/EngineMaterials/DefaultWhiteGrid.ubulk" 85
"../../../Engine/Content/EngineMaterials/DefaultWhiteGrid.uasset" 86
"../../../Engine/Content/EngineMaterials/DefaultWhiteGrid.uexp" 87
"../../../Engine/Content/EngineMaterials/DefaultBokeh.uasset" 88
"../../../Engine/Content/EngineMaterials/DefaultBokeh.uexp" 89
"../../../Engine/Content/EngineMaterials/DefaultBloomKernel.uasset" 90
"../../../Engine/Content/EngineMaterials/DefaultBloomKernel.uexp" 91
"../../../Engine/Content/EngineDamageTypes/DmgTypeBP_Environmental.uasset" 92
"../../../Engine/Content/EngineDamageTypes/DmgTypeBP_Environmental.uexp" 93
"../../../Engine/Content/EditorResources/S_TriggerSphere.uasset" 94
"../../../Engine/Content/EditorResources/S_TriggerSphere.uexp" 95
"../../../Engine/Content/EditorResources/S_TriggerCapsule.uasset" 96
"../../../Engine/Content/EditorResources/S_TriggerCapsule.uexp" 97
"../../../Engine/Content/EditorResources/S_TriggerBox.uasset" 98
"../../../Engine/Content/EditorResources/S_TriggerBox.uexp" 99
"../../../Engine/Content/EditorResources/S_Trigger.ubulk" 100
"../../../Engine/Content/EditorResources/S_Trigger.uasset" 101
"../../../Engine/Content/EditorResources/S_Trigger.uexp" 102
"../../../Engine/Content/EditorResources/S_Terrain.ubulk" 103
"../../../Engine/Content/EditorResources/S_Terrain.uasset" 104
"../../../Engine/Content/EditorResources/S_Terrain.uexp" 105
"../../../Engine/Content/EditorResources/S_Solver.ubulk" 106
"../../../Engine/Content/EditorResources/S_Solver.uasset" 107
"../../../Engine/Content/EditorResources/S_Solver.uexp" 108
"../../../Engine/Content/EditorResources/S_BoxReflectionCapture.uasset" 109
"../../../Engine/Content/EditorResources/S_BoxReflectionCapture.uexp" 110
"../../../Engine/Content/EditorResources/EmptyActor.uasset" 111
"../../../Engine/Content/EditorResources/EmptyActor.uexp" 112
"../../../Engine/Content/EditorResources/BSPVertex.uasset" 113
"../../../Engine/Content/EditorResources/BSPVertex.uexp" 114
"../../../Engine/Content/EditorLandscapeResources/DefaultAlphaTexture.uasset" 115
"../../../Engine/Content/EditorLandscapeResources/DefaultAlphaTexture.uexp" 116
"C:/Users/tyler/Documents/Unreal Projects/FeatureProject/Content/Blueprints/BP_GameInstance.uasset" 117
"C:/Users/tyler/Documents/Unreal Projects/FeatureProject/Content/Blueprints/BP_GameInstance.uexp" 118
"C:/Users/tyler/Documents/Unreal Projects/FeatureProject/Content/Blueprints/Player/BP_PlayerController.uasset" 119
"C:/Users/tyler/Documents/Unreal Projects/FeatureProject/Content/Blueprints/Player/BP_PlayerController.uexp" 120
"C:/Users/tyler/Documents/Unreal Projects/FeatureProject/Content/Inputs/Actions/IA_Zoom.uasset" 121
"C:/Users/tyler/Documents/Unreal Projects/FeatureProject/Content/Inputs/Actions/IA_Zoom.uexp" 122
"C:/Users/tyler/Documents/Unreal Projects/FeatureProject/Content/Inputs/Actions/IA_CameraMove.uasset" 123
"C:/Users/tyler/Documents/Unreal Projects/FeatureProject/Content/Inputs/Actions/IA_CameraMove.uexp" 124
"C:/Users/tyler/Documents/Unreal Projects/FeatureProject/Content/Inputs/IMC_PlayerControls.uasset" 125
"C:/Users/tyler/Documents/Unreal Projects/FeatureProject/Content/Inputs/IMC_PlayerControls.uexp" 126
"C:/Users/tyler/Documents/Unreal Projects/FeatureProject/Content/Blueprints/Player/BP_PlayerPawn.uasset" 127
"C:/Users/tyler/Documents/Unreal Projects/FeatureProject/Content/Blueprints/Player/BP_PlayerPawn.uexp" 128
"C:/Users/tyler/Documents/Unreal Projects/FeatureProject/Content/Blueprints/BP_GameMode.uasset" 129
"C:/Users/tyler/Documents/Unreal Projects/FeatureProject/Content/Blueprints/BP_GameMode.uexp" 130
"../../../Engine/Plugins/Runtime/AudioWidgets/Content/Resources/ScrubHandleDown_Clamped.uasset" 131
"../../../Engine/Plugins/Runtime/AudioWidgets/Content/Resources/ScrubHandleDown_Clamped.uexp" 132
"../../../Engine/Content/EngineResources/FilmGrains/Marcie_Grain_v3_128_M2_000.uasset" 133
"../../../Engine/Content/EngineResources/FilmGrains/Marcie_Grain_v3_128_M2_000.uexp" 134
"../../../Engine/Content/EngineMaterials/LTC/Sheen_LTC.uasset" 135
"../../../Engine/Content/EngineMaterials/LTC/Sheen_LTC.uexp" 136
"../../../Engine/Content/EngineMaterials/LTC/GGX_LTCMat.uasset" 137
"../../../Engine/Content/EngineMaterials/LTC/GGX_LTCMat.uexp" 138
"../../../Engine/Content/EngineMaterials/LTC/GGX_LTCAmp.uasset" 139
"../../../Engine/Content/EngineMaterials/LTC/GGX_LTCAmp.uexp" 140
"../../../Engine/Content/EngineMaterials/EnergyConservation/Sheen_Energy.uasset" 141
"../../../Engine/Content/EngineMaterials/EnergyConservation/Sheen_Energy.uexp" 142
"../../../Engine/Content/EngineMaterials/EnergyConservation/SheenLegacy_Energy.uasset" 143
"../../../Engine/Content/EngineMaterials/EnergyConservation/SheenLegacy_Energy.uexp" 144
"../../../Engine/Content/EngineMaterials/EnergyConservation/GGX_TransmissionEnergyArray.uasset" 145
"../../../Engine/Content/EngineMaterials/EnergyConservation/GGX_TransmissionEnergyArray.uexp" 146
"../../../Engine/Content/EngineMaterials/EnergyConservation/GGX_ReflectionEnergy.uasset" 147
"../../../Engine/Content/EngineMaterials/EnergyConservation/GGX_ReflectionEnergy.uexp" 148
"../../../Engine/Content/EngineMaterials/EnergyConservation/Diffuse_Energy.uasset" 149
"../../../Engine/Content/EngineMaterials/EnergyConservation/Diffuse_Energy.uexp" 150
"../../../Engine/Content/EditorResources/SequenceRecorder/RecordingIndicator.uasset" 151
"../../../Engine/Content/EditorResources/SequenceRecorder/RecordingIndicator.uexp" 152
"../../../Engine/Content/EditorResources/SequenceRecorder/Countdown.uasset" 153
"../../../Engine/Content/EditorResources/SequenceRecorder/Countdown.uexp" 154
"../../../Engine/Content/EditorMaterials/ParticleSystems/PSysThumbnail_OOD.ubulk" 155
"../../../Engine/Content/EditorMaterials/ParticleSystems/PSysThumbnail_OOD.uasset" 156
"../../../Engine/Content/EditorMaterials/ParticleSystems/PSysThumbnail_OOD.uexp" 157
"../../../Engine/Content/EditorMaterials/ParticleSystems/PSysThumbnail_NoImage.ubulk" 158
"../../../Engine/Content/EditorMaterials/ParticleSystems/PSysThumbnail_NoImage.uasset" 159
"../../../Engine/Content/EditorMaterials/ParticleSystems/PSysThumbnail_NoImage.uexp" 160
"../../../Engine/Content/EngineResources/DefaultTextureCube.uasset" 161
"../../../Engine/Content/EngineResources/DefaultTextureCube.uexp" 162
"../../../Engine/Content/EngineResources/DefaultVolumeTexture2D.uasset" 163
"../../../Engine/Content/EngineResources/DefaultVolumeTexture2D.uexp" 164
"../../../Engine/Content/EngineResources/DefaultVolumeTexture.uasset" 165
"../../../Engine/Content/EngineResources/DefaultVolumeTexture.uexp" 166
"../../../Engine/Content/EngineMaterials/Substrate/Volume/SubstrateSimpleVolumeEnvLUT3D.uasset" 167
"../../../Engine/Content/EngineMaterials/Substrate/Volume/SubstrateSimpleVolumeEnvLUT3D.uexp" 168
"../../../Engine/Content/EngineMaterials/Substrate/Volume/SubstrateSimpleVolumeLUT3D.uasset" 169
"../../../Engine/Content/EngineMaterials/Substrate/Volume/SubstrateSimpleVolumeLUT3D.uexp" 170
"../../../Engine/Content/Functions/Engine_MaterialFunctions01/Shading/ConvertFromDiffSpec.uasset" 171
"../../../Engine/Content/Functions/Engine_MaterialFunctions01/Shading/ConvertFromDiffSpec.uexp" 172
"../../../Engine/Content/Functions/Engine_MaterialFunctions01/Shading/PowerToRoughness.uasset" 173
"../../../Engine/Content/Functions/Engine_MaterialFunctions01/Shading/PowerToRoughness.uexp" 174
"../../../Engine/Content/EditorMaterials/Dataflow/DataflowTwoSidedVertexMaterial.uasset" 175
"../../../Engine/Content/EditorMaterials/Dataflow/DataflowTwoSidedVertexMaterial.uexp" 176
"../../../Engine/Content/EditorMaterials/Dataflow/DataflowVertexMaterial.uasset" 177
"../../../Engine/Content/EditorMaterials/Dataflow/DataflowVertexMaterial.uexp" 178
"../../../Engine/Plugins/Editor/SpeedTreeImporter/Content/SpeedTree9/game_wind_noise.ubulk" 179
"../../../Engine/Plugins/Editor/SpeedTreeImporter/Content/SpeedTree9/game_wind_noise.uasset" 180
"../../../Engine/Plugins/Editor/SpeedTreeImporter/Content/SpeedTree9/game_wind_noise.uexp" 181
"../../../Engine/Plugins/Editor/SpeedTreeImporter/Content/SpeedTree9/UnpackDirection.uasset" 182
"../../../Engine/Plugins/Editor/SpeedTreeImporter/Content/SpeedTree9/UnpackDirection.uexp" 183
"../../../Engine/Content/Functions/Engine_MaterialFunctions02/ObjectLocalBounds.uasset" 184
"../../../Engine/Content/Functions/Engine_MaterialFunctions02/ObjectLocalBounds.uexp" 185
"../../../Engine/Content/Functions/Engine_MaterialFunctions02/Utility/BreakOutFloat3Components.uasset" 186
"../../../Engine/Content/Functions/Engine_MaterialFunctions02/Utility/BreakOutFloat3Components.uexp" 187
"../../../Engine/Content/Functions/Engine_MaterialFunctions02/UVs/BoundingBoxBased_0-1_UVW.uasset" 188
"../../../Engine/Content/Functions/Engine_MaterialFunctions02/UVs/BoundingBoxBased_0-1_UVW.uexp" 189
"../../../Engine/Plugins/Editor/SpeedTreeImporter/Content/SpeedTree9/SpeedTreeBillboard.uasset" 190
"../../../Engine/Plugins/Editor/SpeedTreeImporter/Content/SpeedTree9/SpeedTreeBillboard.uexp" 191
"../../../Engine/Content/Functions/Engine_MaterialFunctions02/Utility/VectorLength.uasset" 192
"../../../Engine/Content/Functions/Engine_MaterialFunctions02/Utility/VectorLength.uexp" 193
"../../../Engine/Plugins/Editor/SpeedTreeImporter/Content/SpeedTree9/UnpackInteger3.uasset" 194
"../../../Engine/Plugins/Editor/SpeedTreeImporter/Content/SpeedTree9/UnpackInteger3.uexp" 195
"../../../Engine/Content/Functions/Engine_MaterialFunctions02/WorldPositionOffset/ObjectScale.uasset" 196
"../../../Engine/Content/Functions/Engine_MaterialFunctions02/WorldPositionOffset/ObjectScale.uexp" 197
"../../../Engine/Content/Functions/Engine_MaterialFunctions02/SafeNormalize.uasset" 198
"../../../Engine/Content/Functions/Engine_MaterialFunctions02/SafeNormalize.uexp" 199
"../../../Engine/Plugins/Editor/SpeedTreeImporter/Content/SpeedTree9/SpeedTreeWindMotion.uasset" 200
"../../../Engine/Plugins/Editor/SpeedTreeImporter/Content/SpeedTree9/SpeedTreeWindMotion.uexp" 201
"../../../Engine/Plugins/Editor/SpeedTreeImporter/Content/SpeedTree9/SpeedTreeBranchMotion.uasset" 202
"../../../Engine/Plugins/Editor/SpeedTreeImporter/Content/SpeedTree9/SpeedTreeBranchMotion.uexp" 203
"../../../Engine/Plugins/Editor/SpeedTreeImporter/Content/SpeedTree9/SpeedTreeWind.uasset" 204
"../../../Engine/Plugins/Editor/SpeedTreeImporter/Content/SpeedTree9/SpeedTreeWind.uexp" 205
"../../../Engine/Plugins/Editor/SpeedTreeImporter/Content/SpeedTree9/EmptyNormal.uasset" 206
"../../../Engine/Plugins/Editor/SpeedTreeImporter/Content/SpeedTree9/EmptyNormal.uexp" 207
"../../../Engine/Plugins/Editor/SpeedTreeImporter/Content/SpeedTree9/Empty.uasset" 208
"../../../Engine/Plugins/Editor/SpeedTreeImporter/Content/SpeedTree9/Empty.uexp" 209
"../../../Engine/Plugins/Editor/SpeedTreeImporter/Content/SpeedTree9/SpeedTreeBillboardMaster.uasset" 210
"../../../Engine/Plugins/Editor/SpeedTreeImporter/Content/SpeedTree9/SpeedTreeBillboardMaster.uexp" 211
"../../../Engine/Plugins/Editor/SpeedTreeImporter/Content/SpeedTree9/SpeedTreeCameraFacing.uasset" 212
"../../../Engine/Plugins/Editor/SpeedTreeImporter/Content/SpeedTree9/SpeedTreeCameraFacing.uexp" 213
"../../../Engine/Plugins/Editor/SpeedTreeImporter/Content/SpeedTree9/SpeedTreeMaster.uasset" 214
"../../../Engine/Plugins/Editor/SpeedTreeImporter/Content/SpeedTree9/SpeedTreeMaster.uexp" 215
"../../../Engine/Plugins/Interchange/Assets/Content/Functions/MX_AbsorptionVDF.uasset" 216
"../../../Engine/Plugins/Interchange/Assets/Content/Functions/MX_AbsorptionVDF.uexp" 217
"../../../Engine/Plugins/Interchange/Assets/Content/Functions/MX_AnisotropicVDF.uasset" 218
"../../../Engine/Plugins/Interchange/Assets/Content/Functions/MX_AnisotropicVDF.uexp" 219
"../../../Engine/Plugins/Interchange/Assets/Content/Functions/MX_BurleyDiffuseBSDF.uasset" 220
"../../../Engine/Plugins/Interchange/Assets/Content/Functions/MX_BurleyDiffuseBSDF.uexp" 221
"../../../Engine/Plugins/Interchange/Assets/Content/Functions/MX_ConductorBSDF.uasset" 222
"../../../Engine/Plugins/Interchange/Assets/Content/Functions/MX_ConductorBSDF.uexp" 223
"../../../Engine/Plugins/Interchange/Assets/Content/Functions/MX_ConicalEDF.uasset" 224
"../../../Engine/Plugins/Interchange/Assets/Content/Functions/MX_ConicalEDF.uexp" 225
"../../../Engine/Plugins/Interchange/Assets/Content/Functions/MX_DielectricBSDF.uasset" 226
"../../../Engine/Plugins/Interchange/Assets/Content/Functions/MX_DielectricBSDF.uexp" 227
"../../../Engine/Plugins/Interchange/Assets/Content/Functions/MX_GeneralizedSchlickBSDF.uasset" 228
"../../../Engine/Plugins/Interchange/Assets/Content/Functions/MX_GeneralizedSchlickBSDF.uexp" 229
"../../../Engine/Plugins/Interchange/Assets/Content/Functions/MX_MeasuredEDF.uasset" 230
"../../../Engine/Plugins/Interchange/Assets/Content/Functions/MX_MeasuredEDF.uexp" 231
"../../../Engine/Plugins/Interchange/Assets/Content/Utilities/New_LUT.uasset" 232
"../../../Engine/Plugins/Interchange/Assets/Content/Utilities/New_LUT.uexp" 233
"../../../Engine/Content/Functions/Engine_MaterialFunctions03/Math/RemapValueRange.uasset" 234
"../../../Engine/Content/Functions/Engine_MaterialFunctions03/Math/RemapValueRange.uexp" 235
"../../../Engine/Plugins/Interchange/Assets/Content/Functions/MF_Iridescence.uasset" 236
"../../../Engine/Plugins/Interchange/Assets/Content/Functions/MF_Iridescence.uexp" 237
"../../../Engine/Plugins/Interchange/Assets/Content/Functions/MX_StandardSurface.uasset" 238
"../../../Engine/Plugins/Interchange/Assets/Content/Functions/MX_StandardSurface.uexp" 239
"../../../Engine/Plugins/Interchange/Assets/Content/Functions/MX_OpenPBR_Opaque.uasset" 240
"../../../Engine/Plugins/Interchange/Assets/Content/Functions/MX_OpenPBR_Opaque.uexp" 241
"../../../Engine/Plugins/Interchange/Assets/Content/Functions/MX_TransmissionSurface.uasset" 242
"../../../Engine/Plugins/Interchange/Assets/Content/Functions/MX_TransmissionSurface.uexp" 243
"../../../Engine/Plugins/Interchange/Assets/Content/Functions/MX_OpenPBR_Translucent.uasset" 244
"../../../Engine/Plugins/Interchange/Assets/Content/Functions/MX_OpenPBR_Translucent.uexp" 245
"../../../Engine/Plugins/Interchange/Assets/Content/Functions/MX_OrenNayarBSDF.uasset" 246
"../../../Engine/Plugins/Interchange/Assets/Content/Functions/MX_OrenNayarBSDF.uexp" 247
"../../../Engine/Plugins/Interchange/Assets/Content/Functions/MX_SheenBSDF.uasset" 248
"../../../Engine/Plugins/Interchange/Assets/Content/Functions/MX_SheenBSDF.uexp" 249
"../../../Engine/Plugins/Interchange/Assets/Content/Functions/MX_SubsurfaceBSDF.uasset" 250
"../../../Engine/Plugins/Interchange/Assets/Content/Functions/MX_SubsurfaceBSDF.uexp" 251
"../../../Engine/Plugins/Interchange/Assets/Content/Functions/MX_Surface.uasset" 252
"../../../Engine/Plugins/Interchange/Assets/Content/Functions/MX_Surface.uexp" 253
"../../../Engine/Plugins/Interchange/Assets/Content/Functions/MX_SurfaceUnlit.uasset" 254
"../../../Engine/Plugins/Interchange/Assets/Content/Functions/MX_SurfaceUnlit.uexp" 255
"../../../Engine/Plugins/Interchange/Assets/Content/Functions/MX_ThinFilmBSDF.uasset" 256
"../../../Engine/Plugins/Interchange/Assets/Content/Functions/MX_ThinFilmBSDF.uexp" 257
"../../../Engine/Plugins/Interchange/Assets/Content/Functions/MX_TranslucentBSDF.uasset" 258
"../../../Engine/Plugins/Interchange/Assets/Content/Functions/MX_TranslucentBSDF.uexp" 259
"../../../Engine/Plugins/Interchange/Assets/Content/Functions/MX_UniformEDF.uasset" 260
"../../../Engine/Plugins/Interchange/Assets/Content/Functions/MX_UniformEDF.uexp" 261
"../../../Engine/Plugins/Interchange/Assets/Content/Functions/MX_UsdPreviewSurface.uasset" 262
"../../../Engine/Plugins/Interchange/Assets/Content/Functions/MX_UsdPreviewSurface.uexp" 263
"../../../Engine/Plugins/Runtime/HairStrands/Content/Materials/HairCardsDefaultMaterial.uasset" 264
"../../../Engine/Plugins/Runtime/HairStrands/Content/Materials/HairCardsDefaultMaterial.uexp" 265
"../../../Engine/Plugins/Runtime/HairStrands/Content/Materials/HairGroupColors.uasset" 266
"../../../Engine/Plugins/Runtime/HairStrands/Content/Materials/HairGroupColors.uexp" 267
"../../../Engine/Content/Functions/Engine_MaterialFunctions02/Utility/MakeFloat2.uasset" 268
"../../../Engine/Content/Functions/Engine_MaterialFunctions02/Utility/MakeFloat2.uexp" 269
"../../../Engine/Content/Functions/Engine_MaterialFunctions02/Utility/MakeFloat3.uasset" 270
"../../../Engine/Content/Functions/Engine_MaterialFunctions02/Utility/MakeFloat3.uexp" 271
"../../../Engine/Content/EngineMaterials/HairColorMap.uasset" 272
"../../../Engine/Content/EngineMaterials/HairColorMap.uexp" 273
"../../../Engine/Content/EngineMaterials/HairDebugColor.uasset" 274
"../../../Engine/Content/EngineMaterials/HairDebugColor.uexp" 275
"../../../Engine/Plugins/Runtime/HairStrands/Content/Materials/HairDebugMaterial.uasset" 276
"../../../Engine/Plugins/Runtime/HairStrands/Content/Materials/HairDebugMaterial.uexp" 277
"../../../Engine/Plugins/Runtime/HairStrands/Content/Materials/HairDefaultMaterial.uasset" 278
"../../../Engine/Plugins/Runtime/HairStrands/Content/Materials/HairDefaultMaterial.uexp" 279
"../../../Engine/Plugins/Runtime/HairStrands/Content/Materials/HairMeshesDefaultMaterial.uasset" 280
"../../../Engine/Plugins/Runtime/HairStrands/Content/Materials/HairMeshesDefaultMaterial.uexp" 281
"../../../Engine/Plugins/Runtime/MeshModelingToolset/Content/Materials/M_DynamicMeshComponentVtxColor.uasset" 282
"../../../Engine/Plugins/Runtime/MeshModelingToolset/Content/Materials/M_DynamicMeshComponentVtxColor.uexp" 283
"../../../Engine/Content/BasicShapes/BasicShapeMaterial.uasset" 284
"../../../Engine/Content/BasicShapes/BasicShapeMaterial.uexp" 285
"../../../Engine/Content/EditorMaterials/PhAT_NoCollisionMaterial.uasset" 286
"../../../Engine/Content/EditorMaterials/PhAT_NoCollisionMaterial.uexp" 287
"../../../Engine/Content/EditorMaterials/PhAT_UnselectedMaterial.uasset" 288
"../../../Engine/Content/EditorMaterials/PhAT_UnselectedMaterial.uexp" 289
"../../../Engine/Content/EditorMaterials/PreviewShadowIndicator.ubulk" 290
"../../../Engine/Content/EditorMaterials/PreviewShadowIndicator.uasset" 291
"../../../Engine/Content/EditorMaterials/PreviewShadowIndicator.uexp" 292
"../../../Engine/Content/EditorMaterials/PreviewShadowIndicatorMaterial.uasset" 293
"../../../Engine/Content/EditorMaterials/PreviewShadowIndicatorMaterial.uexp" 294
"../../../Engine/Content/EngineDebugMaterials/DebugEditorMaterial.uasset" 295
"../../../Engine/Content/EngineDebugMaterials/DebugEditorMaterial.uexp" 296
"../../../Engine/Content/EngineDebugMaterials/DebugMeshMaterial.uasset" 297
"../../../Engine/Content/EngineDebugMaterials/DebugMeshMaterial.uexp" 298
"../../../Engine/Content/EngineDebugMaterials/M_SimpleUnlitTranslucent.uasset" 299
"../../../Engine/Content/EngineDebugMaterials/M_SimpleUnlitTranslucent.uexp" 300
"../../../Engine/Content/Functions/Engine_MaterialFunctions02/Utility/CameraDirectionVector.uasset" 301
"../../../Engine/Content/Functions/Engine_MaterialFunctions02/Utility/CameraDirectionVector.uexp" 302
"../../../Engine/Content/EngineDebugMaterials/VolumeToRender.uasset" 303
"../../../Engine/Content/EngineDebugMaterials/VolumeToRender.uexp" 304
"../../../Engine/Content/EngineDebugMaterials/M_VolumeRenderSphereTracePP.uasset" 305
"../../../Engine/Content/EngineDebugMaterials/M_VolumeRenderSphereTracePP.uexp" 306
"../../../Engine/Content/EngineMaterials/DefaultDiffuse.ubulk" 307
"../../../Engine/Content/EngineMaterials/DefaultDiffuse.uasset" 308
"../../../Engine/Content/EngineMaterials/DefaultDiffuse.uexp" 309
"../../../Engine/Content/EngineMaterials/DefaultDeferredDecalMaterial.uasset" 310
"../../../Engine/Content/EngineMaterials/DefaultDeferredDecalMaterial.uexp" 311
"../../../Engine/Content/EngineMaterials/DefaultLightFunctionMaterial.uasset" 312
"../../../Engine/Content/EngineMaterials/DefaultLightFunctionMaterial.uexp" 313
"../../../Engine/Content/Functions/Engine_MaterialFunctions02/Utility/BreakOutFloat2Components.uasset" 314
"../../../Engine/Content/Functions/Engine_MaterialFunctions02/Utility/BreakOutFloat2Components.uexp" 315
"../../../Engine/Content/EngineMaterials/DefaultPostProcessMaterial.uasset" 316
"../../../Engine/Content/EngineMaterials/DefaultPostProcessMaterial.uexp" 317
"../../../Engine/Content/EngineFonts/RobotoDistanceField.uasset" 318
"../../../Engine/Content/EngineFonts/RobotoDistanceField.uexp" 319
"../../../Engine/Content/EngineMaterials/DefaultTextMaterialOpaque.uasset" 320
"../../../Engine/Content/EngineMaterials/DefaultTextMaterialOpaque.uexp" 321
"../../../Engine/Content/EngineMaterials/DefaultWhiteGrid_Low.uasset" 322
"../../../Engine/Content/EngineMaterials/DefaultWhiteGrid_Low.uexp" 323
"../../../Engine/Content/EngineMaterials/EmissiveMeshMaterial.uasset" 324
"../../../Engine/Content/EngineMaterials/EmissiveMeshMaterial.uexp" 325
"../../../Engine/Content/EngineMaterials/BaseFlattenNormalMap.uasset" 326
"../../../Engine/Content/EngineMaterials/BaseFlattenNormalMap.uexp" 327
"../../../Engine/Content/EngineMaterials/BaseFlattenGrayscaleMap.uasset" 328
"../../../Engine/Content/EngineMaterials/BaseFlattenGrayscaleMap.uexp" 329
"../../../Engine/Content/EngineMaterials/BaseFlattenDiffuseMap.uasset" 330
"../../../Engine/Content/EngineMaterials/BaseFlattenDiffuseMap.uexp" 331
"../../../Engine/Content/Functions/Engine_MaterialFunctions02/PivotPainter2/Black_1x1_EXR_Texture.uasset" 332
"../../../Engine/Content/Functions/Engine_MaterialFunctions02/PivotPainter2/Black_1x1_EXR_Texture.uexp" 333
"../../../Engine/Content/EngineMaterials/BaseFlattenEmissiveMap.uasset" 334
"../../../Engine/Content/EngineMaterials/BaseFlattenEmissiveMap.uexp" 335
"../../../Engine/Content/EngineMaterials/BaseFlattenLinearColor.uasset" 336
"../../../Engine/Content/EngineMaterials/BaseFlattenLinearColor.uexp" 337
"../../../Engine/Content/EngineMaterials/FlattenMaterial.uasset" 338
"../../../Engine/Content/EngineMaterials/FlattenMaterial.uexp" 339
"../../../Engine/Content/EngineMaterials/BaseFlattenEmissiveMap_VT.uasset" 340
"../../../Engine/Content/EngineMaterials/BaseFlattenEmissiveMap_VT.uexp" 341
"../../../Engine/Content/EngineMaterials/BaseFlattenGrayscaleMap_VT.uasset" 342
"../../../Engine/Content/EngineMaterials/BaseFlattenGrayscaleMap_VT.uexp" 343
"../../../Engine/Content/EngineMaterials/BaseFlattenLinearColor_VT.uasset" 344
"../../../Engine/Content/EngineMaterials/BaseFlattenLinearColor_VT.uexp" 345
"../../../Engine/Content/EngineMaterials/Black_1x1_EXR_Texture_VT.uasset" 346
"../../../Engine/Content/EngineMaterials/Black_1x1_EXR_Texture_VT.uexp" 347
"../../../Engine/Content/EngineMaterials/BaseFlattenDiffuseMap_VT.uasset" 348
"../../../Engine/Content/EngineMaterials/BaseFlattenDiffuseMap_VT.uexp" 349
"../../../Engine/Content/EngineMaterials/BaseFlattenNormalMap_VT.uasset" 350
"../../../Engine/Content/EngineMaterials/BaseFlattenNormalMap_VT.uexp" 351
"../../../Engine/Content/EngineMaterials/FlattenMaterial_VT.uasset" 352
"../../../Engine/Content/EngineMaterials/FlattenMaterial_VT.uexp" 353
"../../../Engine/Content/EngineMaterials/FlattenMaterial_WS_Normal_VT.uasset" 354
"../../../Engine/Content/EngineMaterials/FlattenMaterial_WS_Normal_VT.uexp" 355
"../../../Engine/Content/EngineMaterials/GizmoMaterial.uasset" 356
"../../../Engine/Content/EngineMaterials/GizmoMaterial.uexp" 357
"../../../Engine/Content/EngineMaterials/InvalidLightmapSettings.ubulk" 358
"../../../Engine/Content/EngineMaterials/InvalidLightmapSettings.uasset" 359
"../../../Engine/Content/EngineMaterials/InvalidLightmapSettings.uexp" 360
"../../../Engine/Content/EngineMaterials/M_InvalidLightmapSettings.uasset" 361
"../../../Engine/Content/EngineMaterials/M_InvalidLightmapSettings.uexp" 362
"../../../Engine/Content/EngineMaterials/NaniteHiddenSectionMaterial.uasset" 363
"../../../Engine/Content/EngineMaterials/NaniteHiddenSectionMaterial.uexp" 364
"../../../Engine/Content/Functions/Engine_MaterialFunctions02/WorldPositionOffset/CameraOffset.uasset" 365
"../../../Engine/Content/Functions/Engine_MaterialFunctions02/WorldPositionOffset/CameraOffset.uexp" 366
"../../../Engine/Content/EngineMaterials/PhAT_JointLimitMaterial.uasset" 367
"../../../Engine/Content/EngineMaterials/PhAT_JointLimitMaterial.uexp" 368
"../../../Engine/Content/EngineMaterials/DefaultCalibrationColor.uasset" 369
"../../../Engine/Content/EngineMaterials/DefaultCalibrationColor.uexp" 370
"../../../Engine/Content/EngineMaterials/PPM_DefaultCalibrationColor.uasset" 371
"../../../Engine/Content/EngineMaterials/PPM_DefaultCalibrationColor.uexp" 372
"../../../Engine/Content/EngineMaterials/DefaultCalibrationGrayscale.uasset" 373
"../../../Engine/Content/EngineMaterials/DefaultCalibrationGrayscale.uexp" 374
"../../../Engine/Content/EngineMaterials/PPM_DefaultCalibrationGrayscale.uasset" 375
"../../../Engine/Content/EngineMaterials/PPM_DefaultCalibrationGrayscale.uexp" 376
"../../../Engine/Content/EngineMaterials/RemoveSurfaceMaterial.uasset" 377
"../../../Engine/Content/EngineMaterials/RemoveSurfaceMaterial.uexp" 378
"../../../Engine/Plugins/Animation/ControlRig/Content/Controls/ControlRigGizmoMaterial.uasset" 379
"../../../Engine/Plugins/Animation/ControlRig/Content/Controls/ControlRigGizmoMaterial.uexp" 380
"../../../Engine/Plugins/Animation/ControlRig/Content/Controls/ControlRigXRayMaterial.uasset" 381
"../../../Engine/Plugins/Animation/ControlRig/Content/Controls/ControlRigXRayMaterial.uexp" 382
"../../../Engine/Plugins/Animation/ControlRig/Content/M_Manip.uasset" 383
"../../../Engine/Plugins/Animation/ControlRig/Content/M_Manip.uexp" 384
"../../../Engine/Content/EngineMeshes/Sphere.ubulk" 385
"../../../Engine/Content/EngineMeshes/Sphere.uasset" 386
"../../../Engine/Content/EngineMeshes/Sphere.uexp" 387
"../../../Engine/Content/EngineMaterials/T_Default_Material_Grid_M.ubulk" 388
"../../../Engine/Content/EngineMaterials/T_Default_Material_Grid_M.uasset" 389
"../../../Engine/Content/EngineMaterials/T_Default_Material_Grid_M.uexp" 390
"../../../Engine/Content/EngineMaterials/T_Default_Material_Grid_N.ubulk" 391
"../../../Engine/Content/EngineMaterials/T_Default_Material_Grid_N.uasset" 392
"../../../Engine/Content/EngineMaterials/T_Default_Material_Grid_N.uexp" 393
"../../../Engine/Content/Functions/Engine_MaterialFunctions01/Opacity/CameraDepthFade.uasset" 394
"../../../Engine/Content/Functions/Engine_MaterialFunctions01/Opacity/CameraDepthFade.uexp" 395
"../../../Engine/Content/EngineMaterials/WorldGridMaterial.uasset" 396
"../../../Engine/Content/EngineMaterials/WorldGridMaterial.uexp" 397
"../../../Engine/Content/ArtTools/RenderToTexture/Meshes/S_1_Unit_Plane.ubulk" 398
"../../../Engine/Content/ArtTools/RenderToTexture/Meshes/S_1_Unit_Plane.uasset" 399
"../../../Engine/Content/ArtTools/RenderToTexture/Meshes/S_1_Unit_Plane.uexp" 400
"../../../Engine/Content/EngineMaterials/Substrate/GLints2/AGlintTex2dArray2.uasset" 401
"../../../Engine/Content/EngineMaterials/Substrate/GLints2/AGlintTex2dArray2.uexp" 402
"../../../Engine/Content/EditorMaterials/Camera/CineMat.uasset" 403
"../../../Engine/Content/EditorMaterials/Camera/CineMat.uexp" 404
"../../../Engine/Content/EditorMaterials/Camera/MI_CineMat_Rig.uasset" 405
"../../../Engine/Content/EditorMaterials/Camera/MI_CineMat_Rig.uexp" 406
"../../../Engine/Content/EditorMeshes/Camera/SM_CraneRig_Arm.ubulk" 407
"../../../Engine/Content/EditorMeshes/Camera/SM_CraneRig_Arm.uasset" 408
"../../../Engine/Content/EditorMeshes/Camera/SM_CraneRig_Arm.uexp" 409
"../../../Engine/Content/EditorMeshes/Camera/SM_CraneRig_Base.ubulk" 410
"../../../Engine/Content/EditorMeshes/Camera/SM_CraneRig_Base.uasset" 411
"../../../Engine/Content/EditorMeshes/Camera/SM_CraneRig_Base.uexp" 412
"../../../Engine/Content/EditorMeshes/Camera/SM_CraneRig_Body.ubulk" 413
"../../../Engine/Content/EditorMeshes/Camera/SM_CraneRig_Body.uasset" 414
"../../../Engine/Content/EditorMeshes/Camera/SM_CraneRig_Body.uexp" 415
"../../../Engine/Content/EditorMeshes/Camera/SM_CraneRig_Mount.ubulk" 416
"../../../Engine/Content/EditorMeshes/Camera/SM_CraneRig_Mount.uasset" 417
"../../../Engine/Content/EditorMeshes/Camera/SM_CraneRig_Mount.uexp" 418
"../../../Engine/Content/EditorMeshes/Camera/SM_RailRig_Mount.ubulk" 419
"../../../Engine/Content/EditorMeshes/Camera/SM_RailRig_Mount.uasset" 420
"../../../Engine/Content/EditorMeshes/Camera/SM_RailRig_Mount.uexp" 421
"../../../Engine/Content/EditorMeshes/Camera/SM_RailRig_Track.ubulk" 422
"../../../Engine/Content/EditorMeshes/Camera/SM_RailRig_Track.uasset" 423
"../../../Engine/Content/EditorMeshes/Camera/SM_RailRig_Track.uexp" 424
"../../../Engine/Content/EngineSky/VolumetricClouds/T_CloudMask.ubulk" 425
"../../../Engine/Content/EngineSky/VolumetricClouds/T_CloudMask.uasset" 426
"../../../Engine/Content/EngineSky/VolumetricClouds/T_CloudMask.uexp" 427
"../../../Engine/Content/EngineSky/VolumetricClouds/VT_Lightning.uasset" 428
"../../../Engine/Content/EngineSky/VolumetricClouds/VT_Lightning.uexp" 429
"../../../Engine/Content/EngineSky/VolumetricClouds/T_Profile_08.ubulk" 430
"../../../Engine/Content/EngineSky/VolumetricClouds/T_Profile_08.uasset" 431
"../../../Engine/Content/EngineSky/VolumetricClouds/T_Profile_08.uexp" 432
"../../../Engine/Content/Functions/Engine_MaterialFunctions02/Utility/MakeFloat4.uasset" 433
"../../../Engine/Content/Functions/Engine_MaterialFunctions02/Utility/MakeFloat4.uexp" 434
"../../../Engine/Content/Functions/Engine_MaterialFunctions01/Units/Km-to-Cm.uasset" 435
"../../../Engine/Content/Functions/Engine_MaterialFunctions01/Units/Km-to-Cm.uexp" 436
"../../../Engine/Content/Functions/Engine_MaterialFunctions02/Utility/BreakOutFloat4Components.uasset" 437
"../../../Engine/Content/Functions/Engine_MaterialFunctions02/Utility/BreakOutFloat4Components.uexp" 438
"../../../Engine/Content/EngineSky/VolumetricClouds/T_CloudPattern.ubulk" 439
"../../../Engine/Content/EngineSky/VolumetricClouds/T_CloudPattern.uasset" 440
"../../../Engine/Content/EngineSky/VolumetricClouds/T_CloudPattern.uexp" 441
"../../../Engine/Content/EngineSky/VolumetricClouds/VT_PerlinWorley_Balanced.uasset" 442
"../../../Engine/Content/EngineSky/VolumetricClouds/VT_PerlinWorley_Balanced.uexp" 443
"../../../Engine/Content/EngineSky/VolumetricClouds/m_SimpleVolumetricCloud.uasset" 444
"../../../Engine/Content/EngineSky/VolumetricClouds/m_SimpleVolumetricCloud.uexp" 445
"../../../Engine/Content/EngineSky/VolumetricClouds/m_SimpleVolumetricCloud_Inst.uasset" 446
"../../../Engine/Content/EngineSky/VolumetricClouds/m_SimpleVolumetricCloud_Inst.uexp" 447
"../../../Engine/Content/VREditor/LaserPointer/VR_LaserPower_01.ubulk" 448
"../../../Engine/Content/VREditor/LaserPointer/VR_LaserPower_01.uasset" 449
"../../../Engine/Content/VREditor/LaserPointer/VR_LaserPower_01.uexp" 450
"../../../Engine/Content/VREditor/TransformGizmo/TransformGizmoMaterial.uasset" 451
"../../../Engine/Content/VREditor/TransformGizmo/TransformGizmoMaterial.uexp" 452
"../../../Engine/Content/VREditor/TransformGizmo/TranslucentTransformGizmoMaterial.uasset" 453
"../../../Engine/Content/VREditor/TransformGizmo/TranslucentTransformGizmoMaterial.uexp" 454
"../../../Engine/Content/VREditor/TransformGizmo/BoundingBoxCorner.ubulk" 455
"../../../Engine/Content/VREditor/TransformGizmo/BoundingBoxCorner.uasset" 456
"../../../Engine/Content/VREditor/TransformGizmo/BoundingBoxCorner.uexp" 457
"../../../Engine/Content/VREditor/TransformGizmo/BoundingBoxEdge.ubulk" 458
"../../../Engine/Content/VREditor/TransformGizmo/BoundingBoxEdge.uasset" 459
"../../../Engine/Content/VREditor/TransformGizmo/BoundingBoxEdge.uexp" 460
"../../../Engine/Content/VREditor/TransformGizmo/Main.uasset" 461
"../../../Engine/Content/VREditor/TransformGizmo/Main.uexp" 462
"../../../Engine/Content/VREditor/TransformGizmo/Xray.uasset" 463
"../../../Engine/Content/VREditor/TransformGizmo/Xray.uexp" 464
"../../../Engine/Content/VREditor/TransformGizmo/SM_Sequencer_Node.ubulk" 465
"../../../Engine/Content/VREditor/TransformGizmo/SM_Sequencer_Node.uasset" 466
"../../../Engine/Content/VREditor/TransformGizmo/SM_Sequencer_Node.uexp" 467
"../../../Engine/Content/Functions/Engine_MaterialFunctions02/Math/Transform3x3Matrix.uasset" 468
"../../../Engine/Content/Functions/Engine_MaterialFunctions02/Math/Transform3x3Matrix.uexp" 469
"../../../Engine/Plugins/Interchange/Assets/Content/gltf/Textures/T_White_srgb.uasset" 470
"../../../Engine/Plugins/Interchange/Assets/Content/gltf/Textures/T_White_srgb.uexp" 471
"../../../Engine/Plugins/Interchange/Assets/Content/gltf/MaterialFunctions/MF_Specular.uasset" 472
"../../../Engine/Plugins/Interchange/Assets/Content/gltf/MaterialFunctions/MF_Specular.uexp" 473
"../../../Engine/Plugins/Interchange/Assets/Content/gltf/Textures/T_Anisotropy_Direction_Linear.uasset" 474
"../../../Engine/Plugins/Interchange/Assets/Content/gltf/Textures/T_Anisotropy_Direction_Linear.uexp" 475
"../../../Engine/Plugins/Interchange/Assets/Content/gltf/MaterialFunctions/MF_SpecularAnisotropy.uasset" 476
"../../../Engine/Plugins/Interchange/Assets/Content/gltf/MaterialFunctions/MF_SpecularAnisotropy.uexp" 477
"../../../Engine/Plugins/Interchange/Assets/Content/gltf/Textures/T_White_Linear.uasset" 478
"../../../Engine/Plugins/Interchange/Assets/Content/gltf/Textures/T_White_Linear.uexp" 479
"../../../Engine/Plugins/Interchange/Assets/Content/gltf/MaterialFunctions/MF_MetallicRoughness.uasset" 480
"../../../Engine/Plugins/Interchange/Assets/Content/gltf/MaterialFunctions/MF_MetallicRoughness.uexp" 481
"../../../Engine/Plugins/Interchange/Assets/Content/gltf/Textures/T_Generic_N.uasset" 482
"../../../Engine/Plugins/Interchange/Assets/Content/gltf/Textures/T_Generic_N.uexp" 483
"../../../Engine/Plugins/Interchange/Assets/Content/gltf/MaterialFunctions/MF_ScaleNormal.uasset" 484
"../../../Engine/Plugins/Interchange/Assets/Content/gltf/MaterialFunctions/MF_ScaleNormal.uexp" 485
"../../../Engine/Plugins/Interchange/Assets/Content/gltf/MaterialFunctions/MF_BaseColor.uasset" 486
"../../../Engine/Plugins/Interchange/Assets/Content/gltf/MaterialFunctions/MF_BaseColor.uexp" 487
"../../../Engine/Plugins/Interchange/Assets/Content/gltf/MaterialFunctions/MF_Iridescence.uasset" 488
"../../../Engine/Plugins/Interchange/Assets/Content/gltf/MaterialFunctions/MF_Iridescence.uexp" 489
"../../../Engine/Plugins/Interchange/Assets/Content/gltf/MaterialFunctions/MF_Occlusion.uasset" 490
"../../../Engine/Plugins/Interchange/Assets/Content/gltf/MaterialFunctions/MF_Occlusion.uexp" 491
"../../../Engine/Plugins/Interchange/Assets/Content/gltf/MaterialFunctions/MF_IOR.uasset" 492
"../../../Engine/Plugins/Interchange/Assets/Content/gltf/MaterialFunctions/MF_IOR.uexp" 493
"../../../Engine/Plugins/Interchange/Assets/Content/gltf/MaterialFunctions/MF_RotateV2.uasset" 494
"../../../Engine/Plugins/Interchange/Assets/Content/gltf/MaterialFunctions/MF_RotateV2.uexp" 495
"../../../Engine/Plugins/Interchange/Assets/Content/gltf/MaterialFunctions/MF_TransformUVs.uasset" 496
"../../../Engine/Plugins/Interchange/Assets/Content/gltf/MaterialFunctions/MF_TransformUVs.uexp" 497
"../../../Engine/Plugins/Interchange/Assets/Content/gltf/MaterialFunctions/MF_Emissive.uasset" 498
"../../../Engine/Plugins/Interchange/Assets/Content/gltf/MaterialFunctions/MF_Emissive.uexp" 499
"../../../Engine/Plugins/Interchange/Assets/Content/gltf/MaterialFunctions/MF_RotateNormals_TS.uasset" 500
"../../../Engine/Plugins/Interchange/Assets/Content/gltf/MaterialFunctions/MF_RotateNormals_TS.uexp" 501
"../../../Engine/Plugins/Interchange/Assets/Content/gltf/MaterialFunctions/MF_Normals.uasset" 502
"../../../Engine/Plugins/Interchange/Assets/Content/gltf/MaterialFunctions/MF_Normals.uexp" 503
"../../../Engine/Content/Functions/Engine_MaterialFunctions01/Texturing/FlattenNormal.uasset" 504
"../../../Engine/Content/Functions/Engine_MaterialFunctions01/Texturing/FlattenNormal.uexp" 505
"../../../Engine/Plugins/Interchange/Assets/Content/gltf/MaterialFunctions/MF_Clearcoat.uasset" 506
"../../../Engine/Plugins/Interchange/Assets/Content/gltf/MaterialFunctions/MF_Clearcoat.uexp" 507
"../../../Engine/Plugins/Interchange/Assets/Content/gltf/MaterialBodies/MF_ClearCoat_Body.uasset" 508
"../../../Engine/Plugins/Interchange/Assets/Content/gltf/MaterialBodies/MF_ClearCoat_Body.uexp" 509
"../../../Engine/Plugins/Interchange/Assets/Content/gltf/M_ClearCoat.uasset" 510
"../../../Engine/Plugins/Interchange/Assets/Content/gltf/M_ClearCoat.uexp" 511
"../../../Engine/Plugins/Interchange/Assets/Content/gltf/MaterialInstances/MI_ClearCoat_Blend.uasset" 512
"../../../Engine/Plugins/Interchange/Assets/Content/gltf/MaterialInstances/MI_ClearCoat_Blend.uexp" 513
"../../../Engine/Plugins/Interchange/Assets/Content/gltf/MaterialInstances/MI_ClearCoat_Blend_DS.uasset" 514
"../../../Engine/Plugins/Interchange/Assets/Content/gltf/MaterialInstances/MI_ClearCoat_Blend_DS.uexp" 515
"../../../Engine/Plugins/Interchange/Assets/Content/gltf/MaterialInstances/MI_ClearCoat_Mask.uasset" 516
"../../../Engine/Plugins/Interchange/Assets/Content/gltf/MaterialInstances/MI_ClearCoat_Mask.uexp" 517
"../../../Engine/Plugins/Interchange/Assets/Content/gltf/MaterialInstances/MI_ClearCoat_Mask_DS.uasset" 518
"../../../Engine/Plugins/Interchange/Assets/Content/gltf/MaterialInstances/MI_ClearCoat_Mask_DS.uexp" 519
"../../../Engine/Plugins/Interchange/Assets/Content/gltf/MaterialInstances/MI_ClearCoat_Opaque.uasset" 520
"../../../Engine/Plugins/Interchange/Assets/Content/gltf/MaterialInstances/MI_ClearCoat_Opaque.uexp" 521
"../../../Engine/Plugins/Interchange/Assets/Content/gltf/MaterialInstances/MI_ClearCoat_Opaque_DS.uasset" 522
"../../../Engine/Plugins/Interchange/Assets/Content/gltf/MaterialInstances/MI_ClearCoat_Opaque_DS.uexp" 523
"../../../Engine/Plugins/Interchange/Assets/Content/gltf/MaterialBodies/MF_Default_Body.uasset" 524
"../../../Engine/Plugins/Interchange/Assets/Content/gltf/MaterialBodies/MF_Default_Body.uexp" 525
"../../../Engine/Plugins/Interchange/Assets/Content/gltf/M_Default.uasset" 526
"../../../Engine/Plugins/Interchange/Assets/Content/gltf/M_Default.uexp" 527
"../../../Engine/Plugins/Interchange/Assets/Content/gltf/MaterialInstances/MI_Default_Blend.uasset" 528
"../../../Engine/Plugins/Interchange/Assets/Content/gltf/MaterialInstances/MI_Default_Blend.uexp" 529
"../../../Engine/Plugins/Interchange/Assets/Content/gltf/MaterialInstances/MI_Default_Blend_DS.uasset" 530
"../../../Engine/Plugins/Interchange/Assets/Content/gltf/MaterialInstances/MI_Default_Blend_DS.uexp" 531
"../../../Engine/Plugins/Interchange/Assets/Content/gltf/MaterialInstances/MI_Default_Mask.uasset" 532
"../../../Engine/Plugins/Interchange/Assets/Content/gltf/MaterialInstances/MI_Default_Mask.uexp" 533
"../../../Engine/Plugins/Interchange/Assets/Content/gltf/MaterialInstances/MI_Default_Mask_DS.uasset" 534
"../../../Engine/Plugins/Interchange/Assets/Content/gltf/MaterialInstances/MI_Default_Mask_DS.uexp" 535
"../../../Engine/Plugins/Interchange/Assets/Content/gltf/MaterialInstances/MI_Default_Opaque.uasset" 536
"../../../Engine/Plugins/Interchange/Assets/Content/gltf/MaterialInstances/MI_Default_Opaque.uexp" 537
"../../../Engine/Plugins/Interchange/Assets/Content/gltf/MaterialInstances/MI_Default_Opaque_DS.uasset" 538
"../../../Engine/Plugins/Interchange/Assets/Content/gltf/MaterialInstances/MI_Default_Opaque_DS.uexp" 539
"../../../Engine/Plugins/Interchange/Assets/Content/gltf/MaterialFunctions/MF_Sheen.uasset" 540
"../../../Engine/Plugins/Interchange/Assets/Content/gltf/MaterialFunctions/MF_Sheen.uexp" 541
"../../../Engine/Plugins/Interchange/Assets/Content/gltf/MaterialBodies/MF_Sheen_Body.uasset" 542
"../../../Engine/Plugins/Interchange/Assets/Content/gltf/MaterialBodies/MF_Sheen_Body.uexp" 543
"../../../Engine/Plugins/Interchange/Assets/Content/gltf/M_Sheen.uasset" 544
"../../../Engine/Plugins/Interchange/Assets/Content/gltf/M_Sheen.uexp" 545
"../../../Engine/Plugins/Interchange/Assets/Content/gltf/MaterialInstances/MI_Sheen_Blend.uasset" 546
"../../../Engine/Plugins/Interchange/Assets/Content/gltf/MaterialInstances/MI_Sheen_Blend.uexp" 547
"../../../Engine/Plugins/Interchange/Assets/Content/gltf/MaterialInstances/MI_Sheen_Blend_DS.uasset" 548
"../../../Engine/Plugins/Interchange/Assets/Content/gltf/MaterialInstances/MI_Sheen_Blend_DS.uexp" 549
"../../../Engine/Plugins/Interchange/Assets/Content/gltf/MaterialInstances/MI_Sheen_Mask.uasset" 550
"../../../Engine/Plugins/Interchange/Assets/Content/gltf/MaterialInstances/MI_Sheen_Mask.uexp" 551
"../../../Engine/Plugins/Interchange/Assets/Content/gltf/MaterialInstances/MI_Sheen_Mask_DS.uasset" 552
"../../../Engine/Plugins/Interchange/Assets/Content/gltf/MaterialInstances/MI_Sheen_Mask_DS.uexp" 553
"../../../Engine/Plugins/Interchange/Assets/Content/gltf/MaterialInstances/MI_Sheen_Opaque.uasset" 554
"../../../Engine/Plugins/Interchange/Assets/Content/gltf/MaterialInstances/MI_Sheen_Opaque.uexp" 555
"../../../Engine/Plugins/Interchange/Assets/Content/gltf/MaterialInstances/MI_Sheen_Opaque_DS.uasset" 556
"../../../Engine/Plugins/Interchange/Assets/Content/gltf/MaterialInstances/MI_Sheen_Opaque_DS.uexp" 557
"../../../Engine/Content/Functions/Engine_MaterialFunctions02/Math/AddComponents.uasset" 558
"../../../Engine/Content/Functions/Engine_MaterialFunctions02/Math/AddComponents.uexp" 559
"../../../Engine/Plugins/Interchange/Assets/Content/gltf/MaterialFunctions/MF_DiffuseSpecGloss.uasset" 560
"../../../Engine/Plugins/Interchange/Assets/Content/gltf/MaterialFunctions/MF_DiffuseSpecGloss.uexp" 561
"../../../Engine/Plugins/Interchange/Assets/Content/gltf/MaterialFunctions/MF_PerceivedBrightness.uasset" 562
"../../../Engine/Plugins/Interchange/Assets/Content/gltf/MaterialFunctions/MF_PerceivedBrightness.uexp" 563
"../../../Engine/Plugins/Interchange/Assets/Content/gltf/MaterialFunctions/MF_SpecGlossToMetalRoughness.uasset" 564
"../../../Engine/Plugins/Interchange/Assets/Content/gltf/MaterialFunctions/MF_SpecGlossToMetalRoughness.uexp" 565
"../../../Engine/Plugins/Interchange/Assets/Content/gltf/MaterialFunctions/MF_MaxComponentValue.uasset" 566
"../../../Engine/Plugins/Interchange/Assets/Content/gltf/MaterialFunctions/MF_MaxComponentValue.uexp" 567
"../../../Engine/Plugins/Interchange/Assets/Content/gltf/MaterialBodies/MF_SpecularGlossiness_Body.uasset" 568
"../../../Engine/Plugins/Interchange/Assets/Content/gltf/MaterialBodies/MF_SpecularGlossiness_Body.uexp" 569
"../../../Engine/Plugins/Interchange/Assets/Content/gltf/M_SpecularGlossiness.uasset" 570
"../../../Engine/Plugins/Interchange/Assets/Content/gltf/M_SpecularGlossiness.uexp" 571
"../../../Engine/Plugins/Interchange/Assets/Content/gltf/MaterialInstances/MI_SpecularGlossiness_Blend.uasset" 572
"../../../Engine/Plugins/Interchange/Assets/Content/gltf/MaterialInstances/MI_SpecularGlossiness_Blend.uexp" 573
"../../../Engine/Plugins/Interchange/Assets/Content/gltf/MaterialInstances/MI_SpecularGlossiness_Blend_DS.uasset" 574
"../../../Engine/Plugins/Interchange/Assets/Content/gltf/MaterialInstances/MI_SpecularGlossiness_Blend_DS.uexp" 575
"../../../Engine/Plugins/Interchange/Assets/Content/gltf/MaterialInstances/MI_SpecularGlossiness_Mask.uasset" 576
"../../../Engine/Plugins/Interchange/Assets/Content/gltf/MaterialInstances/MI_SpecularGlossiness_Mask.uexp" 577
"../../../Engine/Plugins/Interchange/Assets/Content/gltf/MaterialInstances/MI_SpecularGlossiness_Mask_DS.uasset" 578
"../../../Engine/Plugins/Interchange/Assets/Content/gltf/MaterialInstances/MI_SpecularGlossiness_Mask_DS.uexp" 579
"../../../Engine/Plugins/Interchange/Assets/Content/gltf/MaterialInstances/MI_SpecularGlossiness_Opaque.uasset" 580
"../../../Engine/Plugins/Interchange/Assets/Content/gltf/MaterialInstances/MI_SpecularGlossiness_Opaque.uexp" 581
"../../../Engine/Plugins/Interchange/Assets/Content/gltf/MaterialInstances/MI_SpecularGlossiness_Opaque_DS.uasset" 582
"../../../Engine/Plugins/Interchange/Assets/Content/gltf/MaterialInstances/MI_SpecularGlossiness_Opaque_DS.uexp" 583
"../../../Engine/Content/EngineMaterials/Good64x64TilingNoiseHighFreq.uasset" 584
"../../../Engine/Content/EngineMaterials/Good64x64TilingNoiseHighFreq.uexp" 585
"../../../Engine/Content/Functions/Engine_MaterialFunctions02/Texturing/ScreenAlignedPixelToPixelUVs.uasset" 586
"../../../Engine/Content/Functions/Engine_MaterialFunctions02/Texturing/ScreenAlignedPixelToPixelUVs.uexp" 587
"../../../Engine/Plugins/Interchange/Assets/Content/gltf/MaterialFunctions/MF_Temporal_Blur.uasset" 588
"../../../Engine/Plugins/Interchange/Assets/Content/gltf/MaterialFunctions/MF_Temporal_Blur.uexp" 589
"../../../Engine/Plugins/Interchange/Assets/Content/gltf/MaterialFunctions/MF_Fresnel_DS.uasset" 590
"../../../Engine/Plugins/Interchange/Assets/Content/gltf/MaterialFunctions/MF_Fresnel_DS.uexp" 591
"../../../Engine/Plugins/Interchange/Assets/Content/gltf/MaterialFunctions/MF_Transmission.uasset" 592
"../../../Engine/Plugins/Interchange/Assets/Content/gltf/MaterialFunctions/MF_Transmission.uexp" 593
"../../../Engine/Plugins/Interchange/Assets/Content/gltf/MaterialBodies/MF_Transmission_Body.uasset" 594
"../../../Engine/Plugins/Interchange/Assets/Content/gltf/MaterialBodies/MF_Transmission_Body.uexp" 595
"../../../Engine/Plugins/Interchange/Assets/Content/gltf/M_Transmission.uasset" 596
"../../../Engine/Plugins/Interchange/Assets/Content/gltf/M_Transmission.uexp" 597
"../../../Engine/Plugins/Interchange/Assets/Content/gltf/MaterialInstances/MI_Transmission.uasset" 598
"../../../Engine/Plugins/Interchange/Assets/Content/gltf/MaterialInstances/MI_Transmission.uexp" 599
"../../../Engine/Plugins/Interchange/Assets/Content/gltf/MaterialInstances/MI_Transmission_DS.uasset" 600
"../../../Engine/Plugins/Interchange/Assets/Content/gltf/MaterialInstances/MI_Transmission_DS.uexp" 601
"../../../Engine/Plugins/Interchange/Assets/Content/gltf/MaterialBodies/MF_Unlit_Body.uasset" 602
"../../../Engine/Plugins/Interchange/Assets/Content/gltf/MaterialBodies/MF_Unlit_Body.uexp" 603
"../../../Engine/Plugins/Interchange/Assets/Content/gltf/M_Unlit.uasset" 604
"../../../Engine/Plugins/Interchange/Assets/Content/gltf/M_Unlit.uexp" 605
"../../../Engine/Plugins/Interchange/Assets/Content/gltf/MaterialInstances/MI_Unlit_Blend.uasset" 606
"../../../Engine/Plugins/Interchange/Assets/Content/gltf/MaterialInstances/MI_Unlit_Blend.uexp" 607
"../../../Engine/Plugins/Interchange/Assets/Content/gltf/MaterialInstances/MI_Unlit_Blend_DS.uasset" 608
"../../../Engine/Plugins/Interchange/Assets/Content/gltf/MaterialInstances/MI_Unlit_Blend_DS.uexp" 609
"../../../Engine/Plugins/Interchange/Assets/Content/gltf/MaterialInstances/MI_Unlit_Mask.uasset" 610
"../../../Engine/Plugins/Interchange/Assets/Content/gltf/MaterialInstances/MI_Unlit_Mask.uexp" 611
"../../../Engine/Plugins/Interchange/Assets/Content/gltf/MaterialInstances/MI_Unlit_Mask_DS.uasset" 612
"../../../Engine/Plugins/Interchange/Assets/Content/gltf/MaterialInstances/MI_Unlit_Mask_DS.uexp" 613
"../../../Engine/Plugins/Interchange/Assets/Content/gltf/MaterialInstances/MI_Unlit_Opaque.uasset" 614
"../../../Engine/Plugins/Interchange/Assets/Content/gltf/MaterialInstances/MI_Unlit_Opaque.uexp" 615
"../../../Engine/Plugins/Interchange/Assets/Content/gltf/MaterialInstances/MI_Unlit_Opaque_DS.uasset" 616
"../../../Engine/Plugins/Interchange/Assets/Content/gltf/MaterialInstances/MI_Unlit_Opaque_DS.uexp" 617
"../../../Engine/Content/Functions/Engine_MaterialFunctions02/Texturing/CustomRotator.uasset" 618
"../../../Engine/Content/Functions/Engine_MaterialFunctions02/Texturing/CustomRotator.uexp" 619
"../../../Engine/Content/Functions/Engine_MaterialFunctions01/Texturing/ScaleUVsByCenter.uasset" 620
"../../../Engine/Content/Functions/Engine_MaterialFunctions01/Texturing/ScaleUVsByCenter.uexp" 621
"../../../Engine/Content/Functions/Engine_MaterialFunctions01/Gradient/GeneratedRoundRect.uasset" 622
"../../../Engine/Content/Functions/Engine_MaterialFunctions01/Gradient/GeneratedRoundRect.uexp" 623
"../../../Engine/Content/Functions/Engine_MaterialFunctions01/Gradient/SphereGradient-2D.uasset" 624
"../../../Engine/Content/Functions/Engine_MaterialFunctions01/Gradient/SphereGradient-2D.uexp" 625
"../../../Engine/Plugins/Runtime/AudioWidgets/Content/AudioMaterialSlate/Functions/MF_DotOutlined.uasset" 626
"../../../Engine/Plugins/Runtime/AudioWidgets/Content/AudioMaterialSlate/Functions/MF_DotOutlined.uexp" 627
"../../../Engine/Plugins/Runtime/AudioWidgets/Content/AudioMaterialSlate/M_AudioMaterialEnvelope_ADSR.uasset" 628
"../../../Engine/Plugins/Runtime/AudioWidgets/Content/AudioMaterialSlate/M_AudioMaterialEnvelope_ADSR.uexp" 629
"../../../Engine/Plugins/Runtime/AudioWidgets/Content/AudioMaterialSlate/MI_AudioMaterialEnvelope_ADSR.uasset" 630
"../../../Engine/Plugins/Runtime/AudioWidgets/Content/AudioMaterialSlate/MI_AudioMaterialEnvelope_ADSR.uexp" 631
"../../../Engine/Plugins/Runtime/AudioWidgets/Content/AudioMaterialSlate/Functions/MF_SingleLine_Smooth.uasset" 632
"../../../Engine/Plugins/Runtime/AudioWidgets/Content/AudioMaterialSlate/Functions/MF_SingleLine_Smooth.uexp" 633
"../../../Engine/Plugins/Runtime/AudioWidgets/Content/AudioMaterialSlate/Functions/MF_AngleGradient.uasset" 634
"../../../Engine/Plugins/Runtime/AudioWidgets/Content/AudioMaterialSlate/Functions/MF_AngleGradient.uexp" 635
"../../../Engine/Content/Functions/Engine_MaterialFunctions02/Lerp_3Color.uasset" 636
"../../../Engine/Content/Functions/Engine_MaterialFunctions02/Lerp_3Color.uexp" 637
"../../../Engine/Plugins/Runtime/AudioWidgets/Content/AudioMaterialSlate/M_AudioMaterialKnob.uasset" 638
"../../../Engine/Plugins/Runtime/AudioWidgets/Content/AudioMaterialSlate/M_AudioMaterialKnob.uexp" 639
"../../../Engine/Plugins/Runtime/AudioWidgets/Content/AudioMaterialSlate/MI_AudioMaterialKnob.uasset" 640
"../../../Engine/Plugins/Runtime/AudioWidgets/Content/AudioMaterialSlate/MI_AudioMaterialKnob.uexp" 641
"../../../Engine/Plugins/Runtime/AudioWidgets/Content/AudioMaterialSlate/Functions/MF_Lines.uasset" 642
"../../../Engine/Plugins/Runtime/AudioWidgets/Content/AudioMaterialSlate/Functions/MF_Lines.uexp" 643
"../../../Engine/Plugins/Runtime/AudioWidgets/Content/AudioMaterialSlate/M_AudioMaterialMeter.uasset" 644
"../../../Engine/Plugins/Runtime/AudioWidgets/Content/AudioMaterialSlate/M_AudioMaterialMeter.uexp" 645
"../../../Engine/Plugins/Runtime/AudioWidgets/Content/AudioMaterialSlate/MI_AudioMaterialMeter.uasset" 646
"../../../Engine/Plugins/Runtime/AudioWidgets/Content/AudioMaterialSlate/MI_AudioMaterialMeter.uexp" 647
"../../../Engine/Plugins/Runtime/AudioWidgets/Content/AudioMaterialSlate/M_AudioMaterialRoundedSlider.uasset" 648
"../../../Engine/Plugins/Runtime/AudioWidgets/Content/AudioMaterialSlate/M_AudioMaterialRoundedSlider.uexp" 649
"../../../Engine/Plugins/Runtime/AudioWidgets/Content/AudioMaterialSlate/MI_AudioMaterialRoundedSlider.uasset" 650
"../../../Engine/Plugins/Runtime/AudioWidgets/Content/AudioMaterialSlate/MI_AudioMaterialRoundedSlider.uexp" 651
"../../../Engine/Plugins/Runtime/AudioWidgets/Content/AudioMaterialSlate/Functions/MF_SingleLine.uasset" 652
"../../../Engine/Plugins/Runtime/AudioWidgets/Content/AudioMaterialSlate/Functions/MF_SingleLine.uexp" 653
"../../../Engine/Plugins/Runtime/AudioWidgets/Content/AudioMaterialSlate/M_AudioMaterialToggleButton.uasset" 654
"../../../Engine/Plugins/Runtime/AudioWidgets/Content/AudioMaterialSlate/M_AudioMaterialToggleButton.uexp" 655
"../../../Engine/Plugins/Runtime/AudioWidgets/Content/AudioMaterialSlate/MI_AudioMaterialToggleButton.uasset" 656
"../../../Engine/Plugins/Runtime/AudioWidgets/Content/AudioMaterialSlate/MI_AudioMaterialToggleButton.uexp" 657
"../../../Engine/Content/EngineMaterials/DefaultMaterial.uasset" 658
"../../../Engine/Content/EngineMaterials/DefaultMaterial.uexp" 659
"../../../Engine/Content/BasicShapes/Cone.ubulk" 660
"../../../Engine/Content/BasicShapes/Cone.uasset" 661
"../../../Engine/Content/BasicShapes/Cone.uexp" 662
"../../../Engine/Content/BasicShapes/Cube.ubulk" 663
"../../../Engine/Content/BasicShapes/Cube.uasset" 664
"../../../Engine/Content/BasicShapes/Cube.uexp" 665
"../../../Engine/Content/BasicShapes/Plane.ubulk" 666
"../../../Engine/Content/BasicShapes/Plane.uasset" 667
"../../../Engine/Content/BasicShapes/Plane.uexp" 668
"../../../Engine/Content/BasicShapes/Sphere.ubulk" 669
"../../../Engine/Content/BasicShapes/Sphere.uasset" 670
"../../../Engine/Content/BasicShapes/Sphere.uexp" 671
"../../../Engine/Content/EditorLandscapeResources/SplineEditorMeshMat.uasset" 672
"../../../Engine/Content/EditorLandscapeResources/SplineEditorMeshMat.uexp" 673
"../../../Engine/Content/EditorLandscapeResources/SplineEditorMesh.ubulk" 674
"../../../Engine/Content/EditorLandscapeResources/SplineEditorMesh.uasset" 675
"../../../Engine/Content/EditorLandscapeResources/SplineEditorMesh.uexp" 676
"../../../Engine/Content/EngineMaterials/WeightMapPlaceholderTexture.uasset" 677
"../../../Engine/Content/EngineMaterials/WeightMapPlaceholderTexture.uexp" 678
"../../../Engine/Content/EngineMaterials/WeightMapArrayPlaceholderTexture.uasset" 679
"../../../Engine/Content/EngineMaterials/WeightMapArrayPlaceholderTexture.uexp" 680
"../../../Engine/Content/EngineResources/WhiteSquareTexture.uasset" 681
"../../../Engine/Content/EngineResources/WhiteSquareTexture.uexp" 682
"../../../Engine/Content/EngineMaterials/Widget3DPassThrough.uasset" 683
"../../../Engine/Content/EngineMaterials/Widget3DPassThrough.uexp" 684
"../../../Engine/Content/EngineMaterials/Widget3DPassThrough_Masked.uasset" 685
"../../../Engine/Content/EngineMaterials/Widget3DPassThrough_Masked.uexp" 686
"../../../Engine/Content/EngineMaterials/Widget3DPassThrough_Opaque.uasset" 687
"../../../Engine/Content/EngineMaterials/Widget3DPassThrough_Opaque.uexp" 688
"../../../Engine/Content/EngineMaterials/Widget3DPassThrough_Masked_OneSided.uasset" 689
"../../../Engine/Content/EngineMaterials/Widget3DPassThrough_Masked_OneSided.uexp" 690
"../../../Engine/Content/EngineMaterials/Widget3DPassThrough_Opaque_OneSided.uasset" 691
"../../../Engine/Content/EngineMaterials/Widget3DPassThrough_Opaque_OneSided.uexp" 692
"../../../Engine/Content/EngineMaterials/Widget3DPassThrough_Translucent.uasset" 693
"../../../Engine/Content/EngineMaterials/Widget3DPassThrough_Translucent.uexp" 694
"../../../Engine/Content/EngineMaterials/Widget3DPassThrough_Translucent_OneSided.uasset" 695
"../../../Engine/Content/EngineMaterials/Widget3DPassThrough_Translucent_OneSided.uexp" 696
"../../../Engine/Content/EngineMaterials/Substrate/GLints/AGlintTex2dArray.uasset" 697
"../../../Engine/Content/EngineMaterials/Substrate/GLints/AGlintTex2dArray.uexp" 698
"../../../Engine/Plugins/2D/Paper2D/Content/DefaultSpriteMaterial.uasset" 699
"../../../Engine/Plugins/2D/Paper2D/Content/DefaultSpriteMaterial.uexp" 700
"../../../Engine/Plugins/2D/Paper2D/Content/MaskedUnlitSpriteMaterial.uasset" 701
"../../../Engine/Plugins/2D/Paper2D/Content/MaskedUnlitSpriteMaterial.uexp" 702
"../../../Engine/Plugins/2D/Paper2D/Content/OpaqueUnlitSpriteMaterial.uasset" 703
"../../../Engine/Plugins/2D/Paper2D/Content/OpaqueUnlitSpriteMaterial.uexp" 704
"../../../Engine/Plugins/Animation/ControlRig/Content/Controls/ControlRig_Arrow2_1mm.ubulk" 705
"../../../Engine/Plugins/Animation/ControlRig/Content/Controls/ControlRig_Arrow2_1mm.uasset" 706
"../../../Engine/Plugins/Animation/ControlRig/Content/Controls/ControlRig_Arrow2_1mm.uexp" 707
"../../../Engine/Plugins/Animation/ControlRig/Content/Controls/ControlRig_Arrow2_3mm.ubulk" 708
"../../../Engine/Plugins/Animation/ControlRig/Content/Controls/ControlRig_Arrow2_3mm.uasset" 709
"../../../Engine/Plugins/Animation/ControlRig/Content/Controls/ControlRig_Arrow2_3mm.uexp" 710
"../../../Engine/Plugins/Animation/ControlRig/Content/Controls/ControlRig_Arrow2_solid.ubulk" 711
"../../../Engine/Plugins/Animation/ControlRig/Content/Controls/ControlRig_Arrow2_solid.uasset" 712
"../../../Engine/Plugins/Animation/ControlRig/Content/Controls/ControlRig_Arrow2_solid.uexp" 713
"../../../Engine/Plugins/Animation/ControlRig/Content/Controls/ControlRig_Arrow4_1mm.ubulk" 714
"../../../Engine/Plugins/Animation/ControlRig/Content/Controls/ControlRig_Arrow4_1mm.uasset" 715
"../../../Engine/Plugins/Animation/ControlRig/Content/Controls/ControlRig_Arrow4_1mm.uexp" 716
"../../../Engine/Plugins/Animation/ControlRig/Content/Controls/ControlRig_Arrow4_3mm.ubulk" 717
"../../../Engine/Plugins/Animation/ControlRig/Content/Controls/ControlRig_Arrow4_3mm.uasset" 718
"../../../Engine/Plugins/Animation/ControlRig/Content/Controls/ControlRig_Arrow4_3mm.uexp" 719
"../../../Engine/Plugins/Animation/ControlRig/Content/Controls/ControlRig_Arrow4_solid.ubulk" 720
"../../../Engine/Plugins/Animation/ControlRig/Content/Controls/ControlRig_Arrow4_solid.uasset" 721
"../../../Engine/Plugins/Animation/ControlRig/Content/Controls/ControlRig_Arrow4_solid.uexp" 722
"../../../Engine/Plugins/Animation/ControlRig/Content/Controls/ControlRig_Arrow_1mm.ubulk" 723
"../../../Engine/Plugins/Animation/ControlRig/Content/Controls/ControlRig_Arrow_1mm.uasset" 724
"../../../Engine/Plugins/Animation/ControlRig/Content/Controls/ControlRig_Arrow_1mm.uexp" 725
"../../../Engine/Plugins/Animation/ControlRig/Content/Controls/ControlRig_Arrow_3mm.ubulk" 726
"../../../Engine/Plugins/Animation/ControlRig/Content/Controls/ControlRig_Arrow_3mm.uasset" 727
"../../../Engine/Plugins/Animation/ControlRig/Content/Controls/ControlRig_Arrow_3mm.uexp" 728
"../../../Engine/Plugins/Animation/ControlRig/Content/Controls/ControlRig_Arrow_solid.ubulk" 729
"../../../Engine/Plugins/Animation/ControlRig/Content/Controls/ControlRig_Arrow_solid.uasset" 730
"../../../Engine/Plugins/Animation/ControlRig/Content/Controls/ControlRig_Arrow_solid.uexp" 731
"../../../Engine/Plugins/Animation/ControlRig/Content/Controls/ControlRig_Box_1mm.ubulk" 732
"../../../Engine/Plugins/Animation/ControlRig/Content/Controls/ControlRig_Box_1mm.uasset" 733
"../../../Engine/Plugins/Animation/ControlRig/Content/Controls/ControlRig_Box_1mm.uexp" 734
"../../../Engine/Plugins/Animation/ControlRig/Content/Controls/ControlRig_Box_3mm.ubulk" 735
"../../../Engine/Plugins/Animation/ControlRig/Content/Controls/ControlRig_Box_3mm.uasset" 736
"../../../Engine/Plugins/Animation/ControlRig/Content/Controls/ControlRig_Box_3mm.uexp" 737
"../../../Engine/Plugins/Animation/ControlRig/Content/Controls/ControlRig_Box_solid.ubulk" 738
"../../../Engine/Plugins/Animation/ControlRig/Content/Controls/ControlRig_Box_solid.uasset" 739
"../../../Engine/Plugins/Animation/ControlRig/Content/Controls/ControlRig_Box_solid.uexp" 740
"../../../Engine/Plugins/Animation/ControlRig/Content/Controls/ControlRig_Circle_1mm.ubulk" 741
"../../../Engine/Plugins/Animation/ControlRig/Content/Controls/ControlRig_Circle_1mm.uasset" 742
"../../../Engine/Plugins/Animation/ControlRig/Content/Controls/ControlRig_Circle_1mm.uexp" 743
"../../../Engine/Plugins/Animation/ControlRig/Content/Controls/ControlRig_Circle_3mm.ubulk" 744
"../../../Engine/Plugins/Animation/ControlRig/Content/Controls/ControlRig_Circle_3mm.uasset" 745
"../../../Engine/Plugins/Animation/ControlRig/Content/Controls/ControlRig_Circle_3mm.uexp" 746
"../../../Engine/Plugins/Animation/ControlRig/Content/Controls/ControlRig_Circle_solid.ubulk" 747
"../../../Engine/Plugins/Animation/ControlRig/Content/Controls/ControlRig_Circle_solid.uasset" 748
"../../../Engine/Plugins/Animation/ControlRig/Content/Controls/ControlRig_Circle_solid.uexp" 749
"../../../Engine/Plugins/Animation/ControlRig/Content/Controls/ControlRig_Diamond_1mm.ubulk" 750
"../../../Engine/Plugins/Animation/ControlRig/Content/Controls/ControlRig_Diamond_1mm.uasset" 751
"../../../Engine/Plugins/Animation/ControlRig/Content/Controls/ControlRig_Diamond_1mm.uexp" 752
"../../../Engine/Plugins/Animation/ControlRig/Content/Controls/ControlRig_Diamond_3mm.ubulk" 753
"../../../Engine/Plugins/Animation/ControlRig/Content/Controls/ControlRig_Diamond_3mm.uasset" 754
"../../../Engine/Plugins/Animation/ControlRig/Content/Controls/ControlRig_Diamond_3mm.uexp" 755
"../../../Engine/Plugins/Animation/ControlRig/Content/Controls/ControlRig_Diamond_solid.ubulk" 756
"../../../Engine/Plugins/Animation/ControlRig/Content/Controls/ControlRig_Diamond_solid.uasset" 757
"../../../Engine/Plugins/Animation/ControlRig/Content/Controls/ControlRig_Diamond_solid.uexp" 758
"../../../Engine/Plugins/Animation/ControlRig/Content/Controls/ControlRig_HalfCircle_1mm.ubulk" 759
"../../../Engine/Plugins/Animation/ControlRig/Content/Controls/ControlRig_HalfCircle_1mm.uasset" 760
"../../../Engine/Plugins/Animation/ControlRig/Content/Controls/ControlRig_HalfCircle_1mm.uexp" 761
"../../../Engine/Plugins/Animation/ControlRig/Content/Controls/ControlRig_HalfCircle_3mm.ubulk" 762
"../../../Engine/Plugins/Animation/ControlRig/Content/Controls/ControlRig_HalfCircle_3mm.uasset" 763
"../../../Engine/Plugins/Animation/ControlRig/Content/Controls/ControlRig_HalfCircle_3mm.uexp" 764
"../../../Engine/Plugins/Animation/ControlRig/Content/Controls/ControlRig_HalfCircle_solid.ubulk" 765
"../../../Engine/Plugins/Animation/ControlRig/Content/Controls/ControlRig_HalfCircle_solid.uasset" 766
"../../../Engine/Plugins/Animation/ControlRig/Content/Controls/ControlRig_HalfCircle_solid.uexp" 767
"../../../Engine/Plugins/Animation/ControlRig/Content/Controls/ControlRig_Hexagon_1mm.ubulk" 768
"../../../Engine/Plugins/Animation/ControlRig/Content/Controls/ControlRig_Hexagon_1mm.uasset" 769
"../../../Engine/Plugins/Animation/ControlRig/Content/Controls/ControlRig_Hexagon_1mm.uexp" 770
"../../../Engine/Plugins/Animation/ControlRig/Content/Controls/ControlRig_Hexagon_3mm.ubulk" 771
"../../../Engine/Plugins/Animation/ControlRig/Content/Controls/ControlRig_Hexagon_3mm.uasset" 772
"../../../Engine/Plugins/Animation/ControlRig/Content/Controls/ControlRig_Hexagon_3mm.uexp" 773
"../../../Engine/Plugins/Animation/ControlRig/Content/Controls/ControlRig_Hexagon_solid.ubulk" 774
"../../../Engine/Plugins/Animation/ControlRig/Content/Controls/ControlRig_Hexagon_solid.uasset" 775
"../../../Engine/Plugins/Animation/ControlRig/Content/Controls/ControlRig_Hexagon_solid.uexp" 776
"../../../Engine/Plugins/Animation/ControlRig/Content/Controls/ControlRig_Octagon_1mm.ubulk" 777
"../../../Engine/Plugins/Animation/ControlRig/Content/Controls/ControlRig_Octagon_1mm.uasset" 778
"../../../Engine/Plugins/Animation/ControlRig/Content/Controls/ControlRig_Octagon_1mm.uexp" 779
"../../../Engine/Plugins/Animation/ControlRig/Content/Controls/ControlRig_Octagon_3mm.ubulk" 780
"../../../Engine/Plugins/Animation/ControlRig/Content/Controls/ControlRig_Octagon_3mm.uasset" 781
"../../../Engine/Plugins/Animation/ControlRig/Content/Controls/ControlRig_Octagon_3mm.uexp" 782
"../../../Engine/Plugins/Animation/ControlRig/Content/Controls/ControlRig_Octagon_solid.ubulk" 783
"../../../Engine/Plugins/Animation/ControlRig/Content/Controls/ControlRig_Octagon_solid.uasset" 784
"../../../Engine/Plugins/Animation/ControlRig/Content/Controls/ControlRig_Octagon_solid.uexp" 785
"../../../Engine/Plugins/Animation/ControlRig/Content/Controls/ControlRig_Pyramid_1mm.ubulk" 786
"../../../Engine/Plugins/Animation/ControlRig/Content/Controls/ControlRig_Pyramid_1mm.uasset" 787
"../../../Engine/Plugins/Animation/ControlRig/Content/Controls/ControlRig_Pyramid_1mm.uexp" 788
"../../../Engine/Plugins/Animation/ControlRig/Content/Controls/ControlRig_Pyramid_3mm.ubulk" 789
"../../../Engine/Plugins/Animation/ControlRig/Content/Controls/ControlRig_Pyramid_3mm.uasset" 790
"../../../Engine/Plugins/Animation/ControlRig/Content/Controls/ControlRig_Pyramid_3mm.uexp" 791
"../../../Engine/Plugins/Animation/ControlRig/Content/Controls/ControlRig_Pyramid_solid.ubulk" 792
"../../../Engine/Plugins/Animation/ControlRig/Content/Controls/ControlRig_Pyramid_solid.uasset" 793
"../../../Engine/Plugins/Animation/ControlRig/Content/Controls/ControlRig_Pyramid_solid.uexp" 794
"../../../Engine/Plugins/Animation/ControlRig/Content/Controls/ControlRig_QuarterCircle_1mm.ubulk" 795
"../../../Engine/Plugins/Animation/ControlRig/Content/Controls/ControlRig_QuarterCircle_1mm.uasset" 796
"../../../Engine/Plugins/Animation/ControlRig/Content/Controls/ControlRig_QuarterCircle_1mm.uexp" 797
"../../../Engine/Plugins/Animation/ControlRig/Content/Controls/ControlRig_QuarterCircle_3mm.ubulk" 798
"../../../Engine/Plugins/Animation/ControlRig/Content/Controls/ControlRig_QuarterCircle_3mm.uasset" 799
"../../../Engine/Plugins/Animation/ControlRig/Content/Controls/ControlRig_QuarterCircle_3mm.uexp" 800
"../../../Engine/Plugins/Animation/ControlRig/Content/Controls/ControlRig_QuarterCircle_solid.ubulk" 801
"../../../Engine/Plugins/Animation/ControlRig/Content/Controls/ControlRig_QuarterCircle_solid.uasset" 802
"../../../Engine/Plugins/Animation/ControlRig/Content/Controls/ControlRig_QuarterCircle_solid.uexp" 803
"../../../Engine/Plugins/Animation/ControlRig/Content/Controls/ControlRig_RoundedSquare_1mm.ubulk" 804
"../../../Engine/Plugins/Animation/ControlRig/Content/Controls/ControlRig_RoundedSquare_1mm.uasset" 805
"../../../Engine/Plugins/Animation/ControlRig/Content/Controls/ControlRig_RoundedSquare_1mm.uexp" 806
"../../../Engine/Plugins/Animation/ControlRig/Content/Controls/ControlRig_RoundedSquare_3mm.ubulk" 807
"../../../Engine/Plugins/Animation/ControlRig/Content/Controls/ControlRig_RoundedSquare_3mm.uasset" 808
"../../../Engine/Plugins/Animation/ControlRig/Content/Controls/ControlRig_RoundedSquare_3mm.uexp" 809
"../../../Engine/Plugins/Animation/ControlRig/Content/Controls/ControlRig_RoundedSquare_solid.ubulk" 810
"../../../Engine/Plugins/Animation/ControlRig/Content/Controls/ControlRig_RoundedSquare_solid.uasset" 811
"../../../Engine/Plugins/Animation/ControlRig/Content/Controls/ControlRig_RoundedSquare_solid.uexp" 812
"../../../Engine/Plugins/Animation/ControlRig/Content/Controls/ControlRig_RoundedTriangle_1mm.ubulk" 813
"../../../Engine/Plugins/Animation/ControlRig/Content/Controls/ControlRig_RoundedTriangle_1mm.uasset" 814
"../../../Engine/Plugins/Animation/ControlRig/Content/Controls/ControlRig_RoundedTriangle_1mm.uexp" 815
"../../../Engine/Plugins/Animation/ControlRig/Content/Controls/ControlRig_RoundedTriangle_3mm.ubulk" 816
"../../../Engine/Plugins/Animation/ControlRig/Content/Controls/ControlRig_RoundedTriangle_3mm.uasset" 817
"../../../Engine/Plugins/Animation/ControlRig/Content/Controls/ControlRig_RoundedTriangle_3mm.uexp" 818
"../../../Engine/Plugins/Animation/ControlRig/Content/Controls/ControlRig_RoundedTriangle_solid.ubulk" 819
"../../../Engine/Plugins/Animation/ControlRig/Content/Controls/ControlRig_RoundedTriangle_solid.uasset" 820
"../../../Engine/Plugins/Animation/ControlRig/Content/Controls/ControlRig_RoundedTriangle_solid.uexp" 821
"../../../Engine/Plugins/Animation/ControlRig/Content/Controls/ControlRig_Sphere_1mm.ubulk" 822
"../../../Engine/Plugins/Animation/ControlRig/Content/Controls/ControlRig_Sphere_1mm.uasset" 823
"../../../Engine/Plugins/Animation/ControlRig/Content/Controls/ControlRig_Sphere_1mm.uexp" 824
"../../../Engine/Plugins/Animation/ControlRig/Content/Controls/ControlRig_Sphere_3mm.ubulk" 825
"../../../Engine/Plugins/Animation/ControlRig/Content/Controls/ControlRig_Sphere_3mm.uasset" 826
"../../../Engine/Plugins/Animation/ControlRig/Content/Controls/ControlRig_Sphere_3mm.uexp" 827
"../../../Engine/Plugins/Animation/ControlRig/Content/Controls/ControlRig_Sphere_solid.ubulk" 828
"../../../Engine/Plugins/Animation/ControlRig/Content/Controls/ControlRig_Sphere_solid.uasset" 829
"../../../Engine/Plugins/Animation/ControlRig/Content/Controls/ControlRig_Sphere_solid.uexp" 830
"../../../Engine/Plugins/Animation/ControlRig/Content/Controls/ControlRig_Square_1mm.ubulk" 831
"../../../Engine/Plugins/Animation/ControlRig/Content/Controls/ControlRig_Square_1mm.uasset" 832
"../../../Engine/Plugins/Animation/ControlRig/Content/Controls/ControlRig_Square_1mm.uexp" 833
"../../../Engine/Plugins/Animation/ControlRig/Content/Controls/ControlRig_Square_3mm.ubulk" 834
"../../../Engine/Plugins/Animation/ControlRig/Content/Controls/ControlRig_Square_3mm.uasset" 835
"../../../Engine/Plugins/Animation/ControlRig/Content/Controls/ControlRig_Square_3mm.uexp" 836
"../../../Engine/Plugins/Animation/ControlRig/Content/Controls/ControlRig_Square_solid.ubulk" 837
"../../../Engine/Plugins/Animation/ControlRig/Content/Controls/ControlRig_Square_solid.uasset" 838
"../../../Engine/Plugins/Animation/ControlRig/Content/Controls/ControlRig_Square_solid.uexp" 839
"../../../Engine/Plugins/Animation/ControlRig/Content/Controls/ControlRig_Star4_1mm.ubulk" 840
"../../../Engine/Plugins/Animation/ControlRig/Content/Controls/ControlRig_Star4_1mm.uasset" 841
"../../../Engine/Plugins/Animation/ControlRig/Content/Controls/ControlRig_Star4_1mm.uexp" 842
"../../../Engine/Plugins/Animation/ControlRig/Content/Controls/ControlRig_Star4_3mm.ubulk" 843
"../../../Engine/Plugins/Animation/ControlRig/Content/Controls/ControlRig_Star4_3mm.uasset" 844
"../../../Engine/Plugins/Animation/ControlRig/Content/Controls/ControlRig_Star4_3mm.uexp" 845
"../../../Engine/Plugins/Animation/ControlRig/Content/Controls/ControlRig_Star4_solid.ubulk" 846
"../../../Engine/Plugins/Animation/ControlRig/Content/Controls/ControlRig_Star4_solid.uasset" 847
"../../../Engine/Plugins/Animation/ControlRig/Content/Controls/ControlRig_Star4_solid.uexp" 848
"../../../Engine/Plugins/Animation/ControlRig/Content/Controls/ControlRig_Triangle_1mm.ubulk" 849
"../../../Engine/Plugins/Animation/ControlRig/Content/Controls/ControlRig_Triangle_1mm.uasset" 850
"../../../Engine/Plugins/Animation/ControlRig/Content/Controls/ControlRig_Triangle_1mm.uexp" 851
"../../../Engine/Plugins/Animation/ControlRig/Content/Controls/ControlRig_Triangle_3mm.ubulk" 852
"../../../Engine/Plugins/Animation/ControlRig/Content/Controls/ControlRig_Triangle_3mm.uasset" 853
"../../../Engine/Plugins/Animation/ControlRig/Content/Controls/ControlRig_Triangle_3mm.uexp" 854
"../../../Engine/Plugins/Animation/ControlRig/Content/Controls/ControlRig_Triangle_solid.ubulk" 855
"../../../Engine/Plugins/Animation/ControlRig/Content/Controls/ControlRig_Triangle_solid.uasset" 856
"../../../Engine/Plugins/Animation/ControlRig/Content/Controls/ControlRig_Triangle_solid.uexp" 857
"../../../Engine/Plugins/Animation/ControlRig/Content/Controls/ControlRig_Wedge_1mm.ubulk" 858
"../../../Engine/Plugins/Animation/ControlRig/Content/Controls/ControlRig_Wedge_1mm.uasset" 859
"../../../Engine/Plugins/Animation/ControlRig/Content/Controls/ControlRig_Wedge_1mm.uexp" 860
"../../../Engine/Plugins/Animation/ControlRig/Content/Controls/ControlRig_Wedge_3mm.ubulk" 861
"../../../Engine/Plugins/Animation/ControlRig/Content/Controls/ControlRig_Wedge_3mm.uasset" 862
"../../../Engine/Plugins/Animation/ControlRig/Content/Controls/ControlRig_Wedge_3mm.uexp" 863
"../../../Engine/Plugins/Animation/ControlRig/Content/Controls/ControlRig_Wedge_solid.ubulk" 864
"../../../Engine/Plugins/Animation/ControlRig/Content/Controls/ControlRig_Wedge_solid.uasset" 865
"../../../Engine/Plugins/Animation/ControlRig/Content/Controls/ControlRig_Wedge_solid.uexp" 866
"../../../Engine/Plugins/Media/MediaPlate/Content/SM_MediaPlateScreen.ubulk" 867
"../../../Engine/Plugins/Media/MediaPlate/Content/SM_MediaPlateScreen.uasset" 868
"../../../Engine/Plugins/Media/MediaPlate/Content/SM_MediaPlateScreen.uexp" 869
"../../../Engine/Plugins/NNE/NNEDenoiser/Content/NNEDIM_ColorAlbedoNormal_Alpha.uasset" 870
"../../../Engine/Plugins/NNE/NNEDenoiser/Content/NNEDIM_ColorAlbedoNormal_Alpha.uexp" 871
"../../../Engine/Plugins/NNE/NNEDenoiser/Content/NNEDIM_ColorAlbedoNormal_Default.uasset" 872
"../../../Engine/Plugins/NNE/NNEDenoiser/Content/NNEDIM_ColorAlbedoNormal_Default.uexp" 873
"../../../Engine/Plugins/NNE/NNEDenoiser/Content/NNEDIM_HighQuality_Alpha.uasset" 874
"../../../Engine/Plugins/NNE/NNEDenoiser/Content/NNEDIM_HighQuality_Alpha.uexp" 875
"../../../Engine/Plugins/NNE/NNEDenoiser/Content/NNEDIM_HighQuality_Default.uasset" 876
"../../../Engine/Plugins/NNE/NNEDenoiser/Content/NNEDIM_HighQuality_Default.uexp" 877
"../../../Engine/Plugins/NNE/NNEDenoiser/Content/NNEDOM_Output_Alpha.uasset" 878
"../../../Engine/Plugins/NNE/NNEDenoiser/Content/NNEDOM_Output_Alpha.uexp" 879
"../../../Engine/Plugins/NNE/NNEDenoiser/Content/NNEDOM_Output_Default.uasset" 880
"../../../Engine/Plugins/NNE/NNEDenoiser/Content/NNEDOM_Output_Default.uexp" 881
"../../../Engine/Plugins/NNE/NNEDenoiser/Content/NNEDTIM_ColorAlbedoNormal_Alpha.uasset" 882
"../../../Engine/Plugins/NNE/NNEDenoiser/Content/NNEDTIM_ColorAlbedoNormal_Alpha.uexp" 883
"../../../Engine/Plugins/NNE/NNEDenoiser/Content/NNEDTIM_ColorAlbedoNormal_Default.uasset" 884
"../../../Engine/Plugins/NNE/NNEDenoiser/Content/NNEDTIM_ColorAlbedoNormal_Default.uexp" 885
"../../../Engine/Plugins/NNE/NNEDenoiser/Content/NNEDTOM_Output_Alpha.uasset" 886
"../../../Engine/Plugins/NNE/NNEDenoiser/Content/NNEDTOM_Output_Alpha.uexp" 887
"../../../Engine/Plugins/NNE/NNEDenoiser/Content/NNEDTOM_Output_Default.uasset" 888
"../../../Engine/Plugins/NNE/NNEDenoiser/Content/NNEDTOM_Output_Default.uexp" 889
"../../../Engine/Plugins/Animation/DeformerGraph/Content/DeformerFunctions/DG_Function_ComputeNormalsTangents.uasset" 890
"../../../Engine/Plugins/Animation/DeformerGraph/Content/DeformerFunctions/DG_Function_ComputeNormalsTangents.uexp" 891
"../../../Engine/Plugins/Animation/DeformerGraph/Content/DeformerFunctions/DG_Function_LinearBlendSkin_Morph_Cloth.uasset" 892
"../../../Engine/Plugins/Animation/DeformerGraph/Content/DeformerFunctions/DG_Function_LinearBlendSkin_Morph_Cloth.uexp" 893
"../../../Engine/Plugins/Animation/DeformerGraph/Content/DeformerFunctions/DG_Function_LinearBlendSkin_Morph_Cloth_PositionOnly.uasset" 894
"../../../Engine/Plugins/Animation/DeformerGraph/Content/DeformerFunctions/DG_Function_LinearBlendSkin_Morph_Cloth_PositionOnly.uexp" 895
"../../../Engine/Plugins/Animation/DeformerGraph/Content/Deformers/DG_LinearBlendSkin_Morph_Cloth.uasset" 896
"../../../Engine/Plugins/Animation/DeformerGraph/Content/Deformers/DG_LinearBlendSkin_Morph_Cloth.uexp" 897
"../../../Engine/Plugins/Animation/DeformerGraph/Content/Deformers/DG_LinearBlendSkin_Morph_Cloth_RecomputeNormals.uasset" 898
"../../../Engine/Plugins/Animation/DeformerGraph/Content/Deformers/DG_LinearBlendSkin_Morph_Cloth_RecomputeNormals.uexp" 899
"../../../Engine/Content/EngineResources/LandscapeVisibilityLayerInfo.uasset" 900
"../../../Engine/Content/EngineResources/LandscapeVisibilityLayerInfo.uexp" 901
"../../../Engine/Content/VREditor/TransformGizmo/StartRotationHandleIndicator.ubulk" 902
"../../../Engine/Content/VREditor/TransformGizmo/StartRotationHandleIndicator.uasset" 903
"../../../Engine/Content/VREditor/TransformGizmo/StartRotationHandleIndicator.uexp" 904
"../../../Engine/Content/VREditor/Sounds/UI/Drop_Item_From_ContentBrowser.ubulk" 905
"../../../Engine/Content/VREditor/Sounds/UI/Drop_Item_From_ContentBrowser.uasset" 906
"../../../Engine/Content/VREditor/Sounds/UI/Drop_Item_From_ContentBrowser.uexp" 907
"../../../Engine/Content/VREditor/TransformGizmo/PlaneTranslationHandle.ubulk" 908
"../../../Engine/Content/VREditor/TransformGizmo/PlaneTranslationHandle.uasset" 909
"../../../Engine/Content/VREditor/TransformGizmo/PlaneTranslationHandle.uexp" 910
"../../../Engine/Content/VREditor/Sounds/UI/Object_Snaps_To_Grid.ubulk" 911
"../../../Engine/Content/VREditor/Sounds/UI/Object_Snaps_To_Grid.uasset" 912
"../../../Engine/Content/VREditor/Sounds/UI/Object_Snaps_To_Grid.uexp" 913
"../../../Engine/Content/VREditor/Sounds/UI/Selection_Changes.ubulk" 914
"../../../Engine/Content/VREditor/Sounds/UI/Selection_Changes.uasset" 915
"../../../Engine/Content/VREditor/Sounds/UI/Selection_Changes.uexp" 916
"../../../Engine/Content/VREditor/Sounds/UI/Object_Snaps_To_Another_Actor.ubulk" 917
"../../../Engine/Content/VREditor/Sounds/UI/Object_Snaps_To_Another_Actor.uasset" 918
"../../../Engine/Content/VREditor/Sounds/UI/Object_Snaps_To_Another_Actor.uexp" 919
"../../../Engine/Content/VREditor/TransformGizmo/TranslucentTransformGizmoMaterial_Inst.uasset" 920
"../../../Engine/Content/VREditor/TransformGizmo/TranslucentTransformGizmoMaterial_Inst.uexp" 921
"../../../Engine/Content/VREditor/TransformGizmo/TransformGizmoFreeRotation.ubulk" 922
"../../../Engine/Content/VREditor/TransformGizmo/TransformGizmoFreeRotation.uasset" 923
"../../../Engine/Content/VREditor/TransformGizmo/TransformGizmoFreeRotation.uexp" 924
"../../../Engine/Content/VREditor/Sounds/UI/Scaling_Down.ubulk" 925
"../../../Engine/Content/VREditor/Sounds/UI/Scaling_Down.uasset" 926
"../../../Engine/Content/VREditor/Sounds/UI/Scaling_Down.uexp" 927
"../../../Engine/Content/Functions/Engine_MaterialFunctions02/SplitComponents.uasset" 928
"../../../Engine/Content/Functions/Engine_MaterialFunctions02/SplitComponents.uexp" 929
"../../../Engine/Content/VREditor/SnapGrid/SnapGridMaterial.uasset" 930
"../../../Engine/Content/VREditor/SnapGrid/SnapGridMaterial.uexp" 931
"../../../Engine/Content/VREditor/SnapGrid/SnapGridPlaneMesh.ubulk" 932
"../../../Engine/Content/VREditor/SnapGrid/SnapGridPlaneMesh.uasset" 933
"../../../Engine/Content/VREditor/SnapGrid/SnapGridPlaneMesh.uexp" 934
"../../../Engine/Content/VREditor/Sounds/UI/Scaling_Up.ubulk" 935
"../../../Engine/Content/VREditor/Sounds/UI/Scaling_Up.uasset" 936
"../../../Engine/Content/VREditor/Sounds/UI/Scaling_Up.uexp" 937
"../../../Engine/Content/VREditor/TransformGizmo/TransformGizmoMaterial_Inst.uasset" 938
"../../../Engine/Content/VREditor/TransformGizmo/TransformGizmoMaterial_Inst.uexp" 939
"../../../Engine/Content/VREditor/Sounds/UI/Gizmo_Handle_Clicked.ubulk" 940
"../../../Engine/Content/VREditor/Sounds/UI/Gizmo_Handle_Clicked.uasset" 941
"../../../Engine/Content/VREditor/Sounds/UI/Gizmo_Handle_Clicked.uexp" 942
"../../../Engine/Content/VREditor/TransformGizmo/RotationHandleQuarter.ubulk" 943
"../../../Engine/Content/VREditor/TransformGizmo/RotationHandleQuarter.uasset" 944
"../../../Engine/Content/VREditor/TransformGizmo/RotationHandleQuarter.uexp" 945
"../../../Engine/Content/VREditor/TransformGizmo/TranslateArrowHandle.ubulk" 946
"../../../Engine/Content/VREditor/TransformGizmo/TranslateArrowHandle.uasset" 947
"../../../Engine/Content/VREditor/TransformGizmo/TranslateArrowHandle.uexp" 948
"../../../Engine/Content/VREditor/TransformGizmo/RotationHandleIndicator.ubulk" 949
"../../../Engine/Content/VREditor/TransformGizmo/RotationHandleIndicator.uasset" 950
"../../../Engine/Content/VREditor/TransformGizmo/RotationHandleIndicator.uexp" 951
"../../../Engine/Content/VREditor/TransformGizmo/UniformScaleHandle.ubulk" 952
"../../../Engine/Content/VREditor/TransformGizmo/UniformScaleHandle.uasset" 953
"../../../Engine/Content/VREditor/TransformGizmo/UniformScaleHandle.uexp" 954
"../../../Engine/Content/VREditor/TransformGizmo/RotationHandleFull.ubulk" 955
"../../../Engine/Content/VREditor/TransformGizmo/RotationHandleFull.uasset" 956
"../../../Engine/Content/VREditor/TransformGizmo/RotationHandleFull.uexp" 957
"../../../Engine/Content/VREditor/Sounds/UI/Object_PickUp.ubulk" 958
"../../../Engine/Content/VREditor/Sounds/UI/Object_PickUp.uasset" 959
"../../../Engine/Content/VREditor/Sounds/UI/Object_PickUp.uexp" 960
"../../../Engine/Plugins/NNE/NNEDenoiser/Content/NNEDT_Oidn2-3_Balanced.uasset" 961
"../../../Engine/Plugins/NNE/NNEDenoiser/Content/NNEDT_Oidn2-3_Balanced.uexp" 962
"../../../Engine/Plugins/NNE/NNEDenoiser/Content/NNEDT_Oidn2-3_Balanced_Alpha.uasset" 963
"../../../Engine/Plugins/NNE/NNEDenoiser/Content/NNEDT_Oidn2-3_Balanced_Alpha.uexp" 964
"../../../Engine/Plugins/NNE/NNEDenoiser/Content/NNED_Oidn2-3_Balanced.uasset" 965
"../../../Engine/Plugins/NNE/NNEDenoiser/Content/NNED_Oidn2-3_Balanced.uexp" 966
"../../../Engine/Plugins/NNE/NNEDenoiser/Content/NNED_Oidn2-3_Balanced_Alpha.uasset" 967
"../../../Engine/Plugins/NNE/NNEDenoiser/Content/NNED_Oidn2-3_Balanced_Alpha.uexp" 968
"../../../Engine/Plugins/NNE/NNEDenoiser/Content/NNED_Oidn2-3_Fast.uasset" 969
"../../../Engine/Plugins/NNE/NNEDenoiser/Content/NNED_Oidn2-3_Fast.uexp" 970
"../../../Engine/Plugins/NNE/NNEDenoiser/Content/NNED_Oidn2-3_Fast_Alpha.uasset" 971
"../../../Engine/Plugins/NNE/NNEDenoiser/Content/NNED_Oidn2-3_Fast_Alpha.uexp" 972
"../../../Engine/Plugins/NNE/NNEDenoiser/Content/NNED_Oidn2-3_HighQuality.uasset" 973
"../../../Engine/Plugins/NNE/NNEDenoiser/Content/NNED_Oidn2-3_HighQuality.uexp" 974
"../../../Engine/Plugins/NNE/NNEDenoiser/Content/NNED_Oidn2-3_HighQuality_Alpha.uasset" 975
"../../../Engine/Plugins/NNE/NNEDenoiser/Content/NNED_Oidn2-3_HighQuality_Alpha.uexp" 976
"../../../Engine/Plugins/NNE/NNEDenoiser/Content/NNE_oidn2-3-0_rt_hdr_alb_nrm_small__dyn__fp16_opset11_DenoiseAlpha.uasset" 977
"../../../Engine/Plugins/NNE/NNEDenoiser/Content/NNE_oidn2-3-0_rt_hdr_alb_nrm_small__dyn__fp16_opset11_DenoiseAlpha.uexp" 978
"../../../Engine/Plugins/NNE/NNEDenoiser/Content/NNE_oidn2-3-0_rt_hdr_alb_nrm_small__dyn__fp16_opset11_ForwardAlpha.uasset" 979
"../../../Engine/Plugins/NNE/NNEDenoiser/Content/NNE_oidn2-3-0_rt_hdr_alb_nrm_small__dyn__fp16_opset11_ForwardAlpha.uexp" 980
"../../../Engine/Plugins/NNE/NNEDenoiser/Content/NNE_oidn2-3-0_rt_hdr_alb_nrm__dyn__fp16_opset11_DenoiseAlpha.uasset" 981
"../../../Engine/Plugins/NNE/NNEDenoiser/Content/NNE_oidn2-3-0_rt_hdr_alb_nrm__dyn__fp16_opset11_DenoiseAlpha.uexp" 982
"../../../Engine/Plugins/NNE/NNEDenoiser/Content/NNE_oidn2-3-0_rt_hdr_alb_nrm__dyn__fp16_opset11_ForwardAlpha.uasset" 983
"../../../Engine/Plugins/NNE/NNEDenoiser/Content/NNE_oidn2-3-0_rt_hdr_alb_nrm__dyn__fp16_opset11_ForwardAlpha.uexp" 984
"../../../Engine/Plugins/NNE/NNEDenoiser/Content/NNE_oidn2-3-0_rt_hdr_calb_cnrm_large__dyn__fp16_opset11_DenoiseAlpha.uasset" 985
"../../../Engine/Plugins/NNE/NNEDenoiser/Content/NNE_oidn2-3-0_rt_hdr_calb_cnrm_large__dyn__fp16_opset11_DenoiseAlpha.uexp" 986
"../../../Engine/Plugins/NNE/NNEDenoiser/Content/NNE_oidn2-3-0_rt_hdr_calb_cnrm_large__dyn__fp16_opset11_ForwardAlpha.uasset" 987
"../../../Engine/Plugins/NNE/NNEDenoiser/Content/NNE_oidn2-3-0_rt_hdr_calb_cnrm_large__dyn__fp16_opset11_ForwardAlpha.uexp" 988
"C:/Users/tyler/Documents/Unreal Projects/FeatureProject/Content/Blueprints/Grid/S_GridData.uasset" 989
"C:/Users/tyler/Documents/Unreal Projects/FeatureProject/Content/Blueprints/Grid/S_GridData.uexp" 990
"C:/Users/tyler/Documents/Unreal Projects/FeatureProject/Content/Enums/E_TileType.uasset" 991
"C:/Users/tyler/Documents/Unreal Projects/FeatureProject/Content/Enums/E_TileType.uexp" 992
"C:/Users/tyler/Documents/Unreal Projects/FeatureProject/Content/Enums/E_TileState.uasset" 993
"C:/Users/tyler/Documents/Unreal Projects/FeatureProject/Content/Enums/E_TileState.uexp" 994
"C:/Users/tyler/Documents/Unreal Projects/FeatureProject/Content/Blueprints/Grid/BP_GridMeshInstance.uasset" 995
"C:/Users/tyler/Documents/Unreal Projects/FeatureProject/Content/Blueprints/Grid/BP_GridMeshInstance.uexp" 996
"C:/Users/tyler/Documents/Unreal Projects/FeatureProject/Content/Textures/TX_Grid_Square.ubulk" 997
"C:/Users/tyler/Documents/Unreal Projects/FeatureProject/Content/Textures/TX_Grid_Square.uasset" 998
"C:/Users/tyler/Documents/Unreal Projects/FeatureProject/Content/Textures/TX_Grid_Square.uexp" 999
"C:/Users/tyler/Documents/Unreal Projects/FeatureProject/Content/Materials/M_Grid.uasset" 1000
"C:/Users/tyler/Documents/Unreal Projects/FeatureProject/Content/Materials/M_Grid.uexp" 1001
"C:/Users/tyler/Documents/Unreal Projects/FeatureProject/Content/Meshes/SM_Grid_SquareFlat.ubulk" 1002
"C:/Users/tyler/Documents/Unreal Projects/FeatureProject/Content/Meshes/SM_Grid_SquareFlat.uasset" 1003
"C:/Users/tyler/Documents/Unreal Projects/FeatureProject/Content/Meshes/SM_Grid_SquareFlat.uexp" 1004
"C:/Users/tyler/Documents/Unreal Projects/FeatureProject/Content/Meshes/SM_Grid_Square.ubulk" 1005
"C:/Users/tyler/Documents/Unreal Projects/FeatureProject/Content/Meshes/SM_Grid_Square.uasset" 1006
"C:/Users/tyler/Documents/Unreal Projects/FeatureProject/Content/Meshes/SM_Grid_Square.uexp" 1007
"C:/Users/tyler/Documents/Unreal Projects/FeatureProject/Content/Materials/M_GridFlat.uasset" 1008
"C:/Users/tyler/Documents/Unreal Projects/FeatureProject/Content/Materials/M_GridFlat.uexp" 1009
"C:/Users/tyler/Documents/Unreal Projects/FeatureProject/Content/Blueprints/Grid/DT_GridData.uasset" 1010
"C:/Users/tyler/Documents/Unreal Projects/FeatureProject/Content/Blueprints/Grid/DT_GridData.uexp" 1011
"C:/Users/tyler/Documents/Unreal Projects/FeatureProject/Content/Blueprints/Grid/BP_GridModifier.uasset" 1012
"C:/Users/tyler/Documents/Unreal Projects/FeatureProject/Content/Blueprints/Grid/BP_GridModifier.uexp" 1013
"C:/Users/tyler/Documents/Unreal Projects/FeatureProject/Content/Enums/E_Grid.uasset" 1014
"C:/Users/tyler/Documents/Unreal Projects/FeatureProject/Content/Enums/E_Grid.uexp" 1015
"../../../Engine/Content/BasicShapes/Cylinder.ubulk" 1016
"../../../Engine/Content/BasicShapes/Cylinder.uasset" 1017
"../../../Engine/Content/BasicShapes/Cylinder.uexp" 1018
"C:/Users/tyler/Documents/Unreal Projects/FeatureProject/Content/Materials/M_Unit.uasset" 1019
"C:/Users/tyler/Documents/Unreal Projects/FeatureProject/Content/Materials/M_Unit.uexp" 1020
"C:/Users/tyler/Documents/Unreal Projects/FeatureProject/Content/Blueprints/Player/Actions/BP_Action.uasset" 1021
"C:/Users/tyler/Documents/Unreal Projects/FeatureProject/Content/Blueprints/Player/Actions/BP_Action.uexp" 1022
"C:/Users/tyler/Documents/Unreal Projects/FeatureProject/Content/Blueprints/Player/Actions/Action_SelectTile.uasset" 1023
"C:/Users/tyler/Documents/Unreal Projects/FeatureProject/Content/Blueprints/Player/Actions/Action_SelectTile.uexp" 1024
"C:/Users/tyler/Documents/Unreal Projects/FeatureProject/Content/Blueprints/Player/BP_PlayerActions.uasset" 1025
"C:/Users/tyler/Documents/Unreal Projects/FeatureProject/Content/Blueprints/Player/BP_PlayerActions.uexp" 1026
"C:/Users/tyler/Documents/Unreal Projects/FeatureProject/Content/Blueprints/Player/Units/BP_Unit.uasset" 1027
"C:/Users/tyler/Documents/Unreal Projects/FeatureProject/Content/Blueprints/Player/Units/BP_Unit.uexp" 1028
"C:/Users/tyler/Documents/Unreal Projects/FeatureProject/Content/Blueprints/Grid/S_TileData.uasset" 1029
"C:/Users/tyler/Documents/Unreal Projects/FeatureProject/Content/Blueprints/Grid/S_TileData.uexp" 1030
"C:/Users/tyler/Documents/Unreal Projects/FeatureProject/Content/Blueprints/Grid/BP_GridPathfinding.uasset" 1031
"C:/Users/tyler/Documents/Unreal Projects/FeatureProject/Content/Blueprints/Grid/BP_GridPathfinding.uexp" 1032
"C:/Users/tyler/Documents/Unreal Projects/FeatureProject/Content/Blueprints/Grid/BP_Grid.uasset" 1033
"C:/Users/tyler/Documents/Unreal Projects/FeatureProject/Content/Blueprints/Grid/BP_Grid.uexp" 1034
"C:/Users/tyler/Documents/Unreal Projects/FeatureProject/Content/Blueprints/Grid/BP_GridVisual.uasset" 1035
"C:/Users/tyler/Documents/Unreal Projects/FeatureProject/Content/Blueprints/Grid/BP_GridVisual.uexp" 1036
"C:/Users/tyler/Documents/Unreal Projects/FeatureProject/Content/Meshes/SM_Cube_Platform.ubulk" 1037
"C:/Users/tyler/Documents/Unreal Projects/FeatureProject/Content/Meshes/SM_Cube_Platform.uasset" 1038
"C:/Users/tyler/Documents/Unreal Projects/FeatureProject/Content/Meshes/SM_Cube_Platform.uexp" 1039
"../../../Engine/Content/EngineSky/T_Sky_Stars.ubulk" 1040
"../../../Engine/Content/EngineSky/T_Sky_Stars.uasset" 1041
"../../../Engine/Content/EngineSky/T_Sky_Stars.uexp" 1042
"../../../Engine/Content/EngineSky/T_Sky_Clouds_M.ubulk" 1043
"../../../Engine/Content/EngineSky/T_Sky_Clouds_M.uasset" 1044
"../../../Engine/Content/EngineSky/T_Sky_Clouds_M.uexp" 1045
"../../../Engine/Content/EngineSky/T_Sky_Blue.ubulk" 1046
"../../../Engine/Content/EngineSky/T_Sky_Blue.uasset" 1047
"../../../Engine/Content/EngineSky/T_Sky_Blue.uexp" 1048
"../../../Engine/Content/EngineSky/M_Sky_Panning_Clouds2.uasset" 1049
"../../../Engine/Content/EngineSky/M_Sky_Panning_Clouds2.uexp" 1050
"../../../Engine/Content/EngineSky/SM_SkySphere.ubulk" 1051
"../../../Engine/Content/EngineSky/SM_SkySphere.uasset" 1052
"../../../Engine/Content/EngineSky/SM_SkySphere.uexp" 1053
"../../../Engine/Content/MapTemplates/SM_Template_Map_Floor.ubulk" 1054
"../../../Engine/Content/MapTemplates/SM_Template_Map_Floor.uasset" 1055
"../../../Engine/Content/MapTemplates/SM_Template_Map_Floor.uexp" 1056
"C:/Users/tyler/Documents/Unreal Projects/FeatureProject/Content/Textures/TX_Square_Checker.ubulk" 1057
"C:/Users/tyler/Documents/Unreal Projects/FeatureProject/Content/Textures/TX_Square_Checker.uasset" 1058
"C:/Users/tyler/Documents/Unreal Projects/FeatureProject/Content/Textures/TX_Square_Checker.uexp" 1059
"../../../Engine/Content/Functions/Engine_MaterialFunctions01/Gradient/LinearGradient.uasset" 1060
"../../../Engine/Content/Functions/Engine_MaterialFunctions01/Gradient/LinearGradient.uexp" 1061
"../../../Engine/Content/Functions/Engine_MaterialFunctions01/ImageAdjustment/CheapContrast.uasset" 1062
"../../../Engine/Content/Functions/Engine_MaterialFunctions01/ImageAdjustment/CheapContrast.uexp" 1063
"C:/Users/tyler/Documents/Unreal Projects/FeatureProject/Content/Textures/TX_Square_Line.ubulk" 1064
"C:/Users/tyler/Documents/Unreal Projects/FeatureProject/Content/Textures/TX_Square_Line.uasset" 1065
"C:/Users/tyler/Documents/Unreal Projects/FeatureProject/Content/Textures/TX_Square_Line.uexp" 1066
"../../../Engine/Content/Functions/Engine_MaterialFunctions01/Texturing/WorldAlignedTexture.uasset" 1067
"../../../Engine/Content/Functions/Engine_MaterialFunctions01/Texturing/WorldAlignedTexture.uexp" 1068
"C:/Users/tyler/Documents/Unreal Projects/FeatureProject/Content/Materials/M_BaseChecker.uasset" 1069
"C:/Users/tyler/Documents/Unreal Projects/FeatureProject/Content/Materials/M_BaseChecker.uexp" 1070
"C:/Users/tyler/Documents/Unreal Projects/FeatureProject/Content/Materials/MI_CheckerBlue.uasset" 1071
"C:/Users/tyler/Documents/Unreal Projects/FeatureProject/Content/Materials/MI_CheckerBlue.uexp" 1072
"C:/Users/tyler/Documents/Unreal Projects/FeatureProject/Content/Materials/M_BaseColor.uasset" 1073
"C:/Users/tyler/Documents/Unreal Projects/FeatureProject/Content/Materials/M_BaseColor.uexp" 1074
"C:/Users/tyler/Documents/Unreal Projects/FeatureProject/Content/Materials/MI_DarkBlue.uasset" 1075
"C:/Users/tyler/Documents/Unreal Projects/FeatureProject/Content/Materials/MI_DarkBlue.uexp" 1076
"C:/Users/tyler/Documents/Unreal Projects/FeatureProject/Content/Materials/MI_Green.uasset" 1077
"C:/Users/tyler/Documents/Unreal Projects/FeatureProject/Content/Materials/MI_Green.uexp" 1078
"../../../Engine/Content/EngineSky/M_SimpleSkyDome.uasset" 1079
"../../../Engine/Content/EngineSky/M_SimpleSkyDome.uexp" 1080
"C:/Users/tyler/Documents/Unreal Projects/FeatureProject/Content/Levels/Level1.uexp" 1081
"C:/Users/tyler/Documents/Unreal Projects/FeatureProject/Content/Levels/Level1.umap" 1082
"../../../Engine/Content/Maps/Entry_BuiltData.uasset" 1083
"../../../Engine/Content/Maps/Entry_BuiltData.uexp" 1084
"../../../Engine/Content/Maps/Entry.uexp" 1085
"../../../Engine/Content/Maps/Entry.umap" 1086
